2021-08-12 18:43:36.900 | INFO     | httprunner.runner:test_start:451 - Start to run testcase: ÓÃÀıµÄÃèÊö, TestCase ID: 056bd5f9-8977-49f4-8343-7ed0be694f06
2021-08-12 18:43:36.902 | INFO     | httprunner.runner:__run_step:292 - run step begin: step-login >>>>>>
2021-08-12 18:43:37.057 | DEBUG    | httprunner.client:request:186 - client IP: 127.0.0.1, Port: 1658
2021-08-12 18:43:37.057 | DEBUG    | httprunner.client:request:194 - server IP: 127.0.0.1, Port: 8888
2021-08-12 18:43:37.058 | DEBUG    | httprunner.client:log_print:40 - 
================== request details ==================
method   : POST
url      : http://49.235.92.12:8201/api/v1/login
headers  : {
    "User-Agent": "python-requests/2.26.0",
    "Accept-Encoding": "gzip, deflate",
    "Accept": "*/*",
    "Connection": "keep-alive",
    "HRUN-Request-ID": "HRUN-056bd5f9-8977-49f4-8343-7ed0be694f06-016903",
    "Content-Length": "42",
    "Content-Type": "application/json"
}
cookies  : {}
body     : {
    "username": "test",
    "password": "123456"
}

2021-08-12 18:43:37.062 | DEBUG    | httprunner.client:log_print:40 - 
================== response details ==================
status_code : 200
headers  : {
    "Date": "Thu, 12 Aug 2021 10:43:37 GMT",
    "Server": "WSGIServer/0.2 CPython/3.6.8",
    "Content-Type": "application/json",
    "Vary": "Accept, Cookie",
    "Allow": "POST, OPTIONS",
    "X-Frame-Options": "SAMEORIGIN",
    "Content-Length": "109"
}
cookies  : {}
encoding : utf-8
content_type : application/json
body     : {
    "code": 0,
    "msg": "login success!",
    "username": "test",
    "token": "94c576b7f18af7dde2f8c9d3fe126541c3b86ba5"
}

2021-08-12 18:43:37.065 | INFO     | httprunner.client:request:218 - status_code: 200, response_time(ms): 154.68 ms, response_length: 0 bytes
2021-08-12 18:43:37.065 | INFO     | httprunner.response:extract:176 - extract mapping: {'token': '94c576b7f18af7dde2f8c9d3fe126541c3b86ba5'}
2021-08-12 18:43:37.066 | INFO     | httprunner.response:validate:246 - assert status_code equal 200(int)	==> pass
2021-08-12 18:43:37.066 | INFO     | httprunner.response:validate:246 - assert body.code equal 0(int)	==> pass
2021-08-12 18:43:37.066 | INFO     | httprunner.response:validate:246 - assert body.msg equal login success!(str)	==> pass
2021-08-12 18:43:37.066 | INFO     | httprunner.runner:__run_step:304 - run step end: step-login <<<<<<

