2021-07-22 20:14:14.372 | INFO     | httprunner.runner:test_start:451 - Start to run testcase: µÇÂ¼ÓÃÀı, TestCase ID: 17fb026b-229f-4bb5-9050-d839297046c3
2021-07-22 20:14:14.374 | INFO     | httprunner.runner:__run_step:292 - run step begin: step-login >>>>>>
2021-07-22 20:14:14.519 | DEBUG    | httprunner.client:request:186 - client IP: 192.168.1.125, Port: 13425
2021-07-22 20:14:14.520 | DEBUG    | httprunner.client:request:194 - server IP: 49.235.92.12, Port: 8201
2021-07-22 20:14:14.520 | DEBUG    | httprunner.client:log_print:40 - 
================== request details ==================
method   : POST
url      : http://49.235.92.12:8201/api/v1/login
headers  : {
    "User-Agent": "python-requests/2.25.1",
    "Accept-Encoding": "gzip, deflate",
    "Accept": "*/*",
    "Connection": "keep-alive",
    "HRUN-Request-ID": "HRUN-17fb026b-229f-4bb5-9050-d839297046c3-054374",
    "Content-Length": "42",
    "Content-Type": "application/json"
}
cookies  : {}
body     : {
    "username": "test",
    "password": "123456"
}

2021-07-22 20:14:14.521 | DEBUG    | httprunner.client:log_print:40 - 
================== response details ==================
status_code : 200
headers  : {
    "Date": "Thu, 22 Jul 2021 12:14:13 GMT",
    "Server": "WSGIServer/0.2 CPython/3.6.8",
    "Content-Type": "application/json",
    "Vary": "Accept, Cookie",
    "Allow": "POST, OPTIONS",
    "X-Frame-Options": "SAMEORIGIN",
    "Content-Length": "109"
}
cookies  : {}
encoding : utf-8
content_type : application/json
body     : {
    "code": 0,
    "msg": "login success!",
    "username": "test",
    "token": "26b1755fb4b3df19f4b5c9d8bd160bcd90034cd0"
}

2021-07-22 20:14:14.522 | INFO     | httprunner.client:request:218 - status_code: 200, response_time(ms): 144.65 ms, response_length: 0 bytes
2021-07-22 20:14:14.522 | INFO     | httprunner.response:extract:176 - extract mapping: {'token': '26b1755fb4b3df19f4b5c9d8bd160bcd90034cd0'}
2021-07-22 20:14:14.522 | INFO     | httprunner.response:validate:246 - assert body.code equal 0(int)	==> pass
2021-07-22 20:14:14.522 | INFO     | httprunner.runner:__run_step:304 - run step end: step-login <<<<<<

