2021-07-22 20:15:12.735 | INFO     | httprunner.runner:test_start:451 - Start to run testcase: µÇÂ¼ÓÃÀı, TestCase ID: 19590c4a-9817-4c39-b953-6a0460e16202
2021-07-22 20:15:12.736 | INFO     | httprunner.runner:__run_step:292 - run step begin: step-login >>>>>>
2021-07-22 20:15:12.885 | DEBUG    | httprunner.client:request:186 - client IP: 192.168.1.125, Port: 13465
2021-07-22 20:15:12.885 | DEBUG    | httprunner.client:request:194 - server IP: 49.235.92.12, Port: 8201
2021-07-22 20:15:12.885 | DEBUG    | httprunner.client:log_print:40 - 
================== request details ==================
method   : POST
url      : http://49.235.92.12:8201/api/v1/login
headers  : {
    "User-Agent": "python-requests/2.25.1",
    "Accept-Encoding": "gzip, deflate",
    "Accept": "*/*",
    "Connection": "keep-alive",
    "HRUN-Request-ID": "HRUN-19590c4a-9817-4c39-b953-6a0460e16202-112737",
    "Content-Length": "42",
    "Content-Type": "application/json"
}
cookies  : {}
body     : {
    "username": "test",
    "password": "123456"
}

2021-07-22 20:15:12.886 | DEBUG    | httprunner.client:log_print:40 - 
================== response details ==================
status_code : 200
headers  : {
    "Date": "Thu, 22 Jul 2021 12:15:12 GMT",
    "Server": "WSGIServer/0.2 CPython/3.6.8",
    "Content-Type": "application/json",
    "Vary": "Accept, Cookie",
    "Allow": "POST, OPTIONS",
    "X-Frame-Options": "SAMEORIGIN",
    "Content-Length": "109"
}
cookies  : {}
encoding : utf-8
content_type : application/json
body     : {
    "code": 0,
    "msg": "login success!",
    "username": "test",
    "token": "fcba9c4e1bb5b2da439bffe21c656170d8c0b379"
}

2021-07-22 20:15:12.887 | INFO     | httprunner.client:request:218 - status_code: 200, response_time(ms): 146.7 ms, response_length: 0 bytes
2021-07-22 20:15:12.887 | INFO     | httprunner.response:extract:176 - extract mapping: {'token': 'fcba9c4e1bb5b2da439bffe21c656170d8c0b379'}
2021-07-22 20:15:12.887 | INFO     | httprunner.response:validate:246 - assert body.code equal 0(int)	==> pass
2021-07-22 20:15:12.887 | INFO     | httprunner.runner:__run_step:304 - run step end: step-login <<<<<<

