2021-07-22 08:38:54.531 | INFO     | httprunner.runner:test_start:451 - Start to run testcase: ÓÃÀıÃèÊö-µÇÂ¼ÓÃÀı, TestCase ID: 22120abc-2b03-4570-9db7-413300693cb7
2021-07-22 08:38:54.532 | INFO     | httprunner.runner:__run_step:292 - run step begin: step-µÇÂ¼ >>>>>>
2021-07-22 08:38:54.676 | DEBUG    | httprunner.client:request:186 - client IP: 192.168.1.125, Port: 1458
2021-07-22 08:38:54.676 | DEBUG    | httprunner.client:request:194 - server IP: 49.235.92.12, Port: 8201
2021-07-22 08:38:54.676 | DEBUG    | httprunner.client:log_print:40 - 
================== request details ==================
method   : POST
url      : http://49.235.92.12:8201/api/v1/login
headers  : {
    "User-Agent": "python-requests/2.25.1",
    "Accept-Encoding": "gzip, deflate",
    "Accept": "*/*",
    "Connection": "keep-alive",
    "HRUN-Request-ID": "HRUN-22120abc-2b03-4570-9db7-413300693cb7-334533",
    "Content-Length": "42",
    "Content-Type": "application/json"
}
cookies  : {}
body     : {
    "username": "test",
    "password": "123456"
}

2021-07-22 08:38:54.678 | DEBUG    | httprunner.client:log_print:40 - 
================== response details ==================
status_code : 200
headers  : {
    "Date": "Thu, 22 Jul 2021 00:38:53 GMT",
    "Server": "WSGIServer/0.2 CPython/3.6.8",
    "Content-Type": "application/json",
    "Vary": "Accept, Cookie",
    "Allow": "POST, OPTIONS",
    "X-Frame-Options": "SAMEORIGIN",
    "Content-Length": "109"
}
cookies  : {}
encoding : utf-8
content_type : application/json
body     : {
    "code": 0,
    "msg": "login success!",
    "username": "test",
    "token": "5b950e7a6ae497421b1a4928d35b0ddaec5be46b"
}

2021-07-22 08:38:54.678 | INFO     | httprunner.client:request:218 - status_code: 200, response_time(ms): 143.02 ms, response_length: 0 bytes
2021-07-22 08:38:54.678 | INFO     | httprunner.response:extract:176 - extract mapping: {'token': '5b950e7a6ae497421b1a4928d35b0ddaec5be46b'}
2021-07-22 08:38:54.678 | INFO     | httprunner.response:validate:246 - assert status_code equal 200(int)	==> pass
2021-07-22 08:38:54.679 | INFO     | httprunner.response:validate:246 - assert body.msg equal login success!(str)	==> pass
2021-07-22 08:38:54.679 | INFO     | httprunner.response:validate:246 - assert body.code equal 0(int)	==> pass
2021-07-22 08:38:54.679 | INFO     | httprunner.runner:__run_step:304 - run step end: step-µÇÂ¼ <<<<<<

