2021-08-17 19:42:40.653 | INFO     | httprunner.runner:test_start:451 - Start to run testcase: ÓÃÀıµÄÃèÊö, TestCase ID: 3a18e082-f3be-4c94-9fbe-d4ac7753d319
2021-08-17 19:42:40.655 | INFO     | httprunner.runner:__run_step:292 - run step begin: step-login >>>>>>
2021-08-17 19:42:40.856 | DEBUG    | httprunner.client:request:186 - client IP: 192.168.1.125, Port: 25249
2021-08-17 19:42:40.857 | DEBUG    | httprunner.client:request:194 - server IP: 49.235.92.12, Port: 8201
2021-08-17 19:42:40.857 | DEBUG    | httprunner.client:log_print:40 - 
================== request details ==================
method   : POST
url      : http://49.235.92.12:8201/api/v1/login
headers  : {
    "User-Agent": "python-requests/2.26.0",
    "Accept-Encoding": "gzip, deflate",
    "Accept": "*/*",
    "Connection": "keep-alive",
    "HRUN-Request-ID": "HRUN-3a18e082-f3be-4c94-9fbe-d4ac7753d319-560656",
    "Content-Length": "42",
    "Content-Type": "application/json"
}
cookies  : {}
body     : {
    "username": "test",
    "password": "123456"
}

2021-08-17 19:42:40.858 | DEBUG    | httprunner.client:log_print:40 - 
================== response details ==================
status_code : 200
headers  : {
    "Date": "Tue, 17 Aug 2021 11:42:41 GMT",
    "Server": "WSGIServer/0.2 CPython/3.6.8",
    "Content-Type": "application/json",
    "Vary": "Accept, Cookie",
    "Allow": "POST, OPTIONS",
    "X-Frame-Options": "SAMEORIGIN",
    "Content-Length": "109"
}
cookies  : {}
encoding : utf-8
content_type : application/json
body     : {
    "code": 0,
    "msg": "login success!",
    "username": "test",
    "token": "d17d42358a6298004ba8b15710f050587674e6d5"
}

2021-08-17 19:42:40.858 | INFO     | httprunner.client:request:218 - status_code: 200, response_time(ms): 199.68 ms, response_length: 0 bytes
2021-08-17 19:42:40.859 | INFO     | httprunner.response:extract:176 - extract mapping: {'token': 'd17d42358a6298004ba8b15710f050587674e6d5'}
2021-08-17 19:42:40.859 | INFO     | httprunner.response:validate:246 - assert status_code equal 200(int)	==> pass
2021-08-17 19:42:40.859 | INFO     | httprunner.response:validate:246 - assert body.code equal 0(int)	==> pass
2021-08-17 19:42:40.859 | INFO     | httprunner.runner:__run_step:304 - run step end: step-login <<<<<<

