2021-07-20 22:52:44.885 | INFO     | httprunner.runner:test_start:451 - Start to run testcase: ÓÃÀıÃèÊö-µÇÂ¼ÓÃÀı, TestCase ID: 49c1d0af-c378-4d9f-a79a-7331e85e126e
2021-07-20 22:52:44.887 | INFO     | httprunner.runner:__run_step:292 - run step begin: step-µÇÂ¼ >>>>>>
2021-07-20 22:52:44.892 | INFO     | httprunner.runner:__call_hooks:112 - call hook actions: setup request
2021-07-20 22:52:44.894 | DEBUG    | httprunner.runner:__call_hooks:121 - call hook function: ${setup_hook()}
2021-07-20 22:52:45.046 | DEBUG    | httprunner.client:request:186 - client IP: 192.168.1.125, Port: 16338
2021-07-20 22:52:45.048 | DEBUG    | httprunner.client:request:194 - server IP: 49.235.92.12, Port: 8201
2021-07-20 22:52:45.049 | DEBUG    | httprunner.client:log_print:40 - 
================== request details ==================
method   : POST
url      : http://49.235.92.12:8201/api/v1/login
headers  : {
    "User-Agent": "python-requests/2.25.1",
    "Accept-Encoding": "gzip, deflate",
    "Accept": "*/*",
    "Connection": "keep-alive",
    "HRUN-Request-ID": "HRUN-49c1d0af-c378-4d9f-a79a-7331e85e126e-764892",
    "Content-Length": "43",
    "Content-Type": "application/json"
}
cookies  : {}
body     : {
    "username": "test1",
    "password": "123456"
}

2021-07-20 22:52:45.051 | DEBUG    | httprunner.client:log_print:40 - 
================== response details ==================
status_code : 200
headers  : {
    "Date": "Wed, 21 Jul 2021 02:53:00 GMT",
    "Server": "WSGIServer/0.2 CPython/3.6.8",
    "Content-Type": "application/json",
    "Vary": "Accept, Cookie",
    "Allow": "POST, OPTIONS",
    "X-Frame-Options": "SAMEORIGIN",
    "Content-Length": "110"
}
cookies  : {}
encoding : utf-8
content_type : application/json
body     : {
    "code": 0,
    "msg": "login success!",
    "username": "test1",
    "token": "0a0839e517cda3a483fa97e366112425547eaf3b"
}

2021-07-20 22:52:45.053 | INFO     | httprunner.client:request:218 - status_code: 200, response_time(ms): 149.18 ms, response_length: 0 bytes
2021-07-20 22:52:45.059 | INFO     | httprunner.runner:__call_hooks:112 - call hook actions: teardown request
2021-07-20 22:52:45.062 | DEBUG    | httprunner.runner:__call_hooks:121 - call hook function: ${teardown_hook()}
2021-07-20 22:52:45.064 | INFO     | httprunner.response:extract:176 - extract mapping: {'token': '0a0839e517cda3a483fa97e366112425547eaf3b'}
2021-07-20 22:52:45.065 | INFO     | httprunner.response:validate:246 - assert status_code equal 200(int)	==> pass
2021-07-20 22:52:45.066 | INFO     | httprunner.response:validate:246 - assert body.msg equal login success!(str)	==> pass
2021-07-20 22:52:45.067 | INFO     | httprunner.response:validate:246 - assert body.code equal 0(int)	==> pass
2021-07-20 22:52:45.068 | INFO     | httprunner.response:validate:246 - assert body.username equal test1(str)	==> pass
2021-07-20 22:52:45.069 | INFO     | httprunner.response:validate:246 - assert body.token length_equal 40(int)	==> pass
2021-07-20 22:52:45.070 | INFO     | httprunner.runner:__run_step:304 - run step end: step-µÇÂ¼ <<<<<<

