2021-08-17 19:26:26.175 | INFO     | httprunner.runner:test_start:451 - Start to run testcase: ÓÃÀýµÄÃèÊö, TestCase ID: 4c5ff940-fc77-4873-9fec-781e3b707038
2021-08-17 19:26:26.177 | INFO     | httprunner.runner:__run_step:292 - run step begin: step-login >>>>>>
2021-08-17 19:26:26.325 | DEBUG    | httprunner.client:request:186 - client IP: 192.168.1.125, Port: 24600
2021-08-17 19:26:26.327 | DEBUG    | httprunner.client:request:194 - server IP: 49.235.92.12, Port: 8201
2021-08-17 19:26:26.329 | DEBUG    | httprunner.client:log_print:40 - 
================== request details ==================
method   : POST
url      : http://49.235.92.12:8201/api/v1/login
headers  : {
    "User-Agent": "python-requests/2.26.0",
    "Accept-Encoding": "gzip, deflate",
    "Accept": "*/*",
    "Connection": "keep-alive",
    "HRUN-Request-ID": "HRUN-4c5ff940-fc77-4873-9fec-781e3b707038-586179",
    "Content-Length": "42",
    "Content-Type": "application/json"
}
cookies  : {}
body     : {
    "username": "test",
    "password": "123456"
}

2021-08-17 19:26:26.333 | DEBUG    | httprunner.client:log_print:40 - 
================== response details ==================
status_code : 200
headers  : {
    "Date": "Tue, 17 Aug 2021 11:26:26 GMT",
    "Server": "WSGIServer/0.2 CPython/3.6.8",
    "Content-Type": "application/json",
    "Vary": "Accept, Cookie",
    "Allow": "POST, OPTIONS",
    "X-Frame-Options": "SAMEORIGIN",
    "Content-Length": "109"
}
cookies  : {}
encoding : utf-8
content_type : application/json
body     : {
    "code": 0,
    "msg": "login success!",
    "username": "test",
    "token": "f401d814f36bbf7303df8ca900339d80f017155d"
}

2021-08-17 19:26:26.335 | INFO     | httprunner.client:request:218 - status_code: 200, response_time(ms): 146.64 ms, response_length: 0 bytes
2021-08-17 19:26:26.337 | INFO     | httprunner.response:extract:176 - extract mapping: {'token': 'f401d814f36bbf7303df8ca900339d80f017155d'}
2021-08-17 19:26:26.338 | INFO     | httprunner.response:validate:246 - assert status_code equal 200(int)	==> pass
2021-08-17 19:26:26.338 | ERROR    | httprunner.response:_search_jmespath:158 - failed to search with jmespath
expression: headers.Content-Type
data: {'status_code': 200, 'headers': {'Date': 'Tue, 17 Aug 2021 11:26:26 GMT', 'Server': 'WSGIServer/0.2 CPython/3.6.8', 'Content-Type': 'application/json', 'Vary': 'Accept, Cookie', 'Allow': 'POST, OPTIONS', 'X-Frame-Options': 'SAMEORIGIN', 'Content-Length': '109'}, 'cookies': {}, 'body': {'code': 0, 'msg': 'login success!', 'username': 'test', 'token': 'f401d814f36bbf7303df8ca900339d80f017155d'}}
exception: Bad jmespath expression: Unknown token '-':
headers.Content-Type
               ^
