2021-08-17 17:43:52.638 | INFO     | httprunner.runner:test_start:451 - Start to run testcase: µÇÂ¼v4ÓÃÀı, TestCase ID: 59baa42a-bab5-4cab-868c-4d0b8738df0d
2021-08-17 17:43:52.639 | INFO     | httprunner.runner:__run_step:292 - run step begin: step-login >>>>>>
2021-08-17 17:43:52.837 | DEBUG    | httprunner.client:request:186 - client IP: 127.0.0.1, Port: 4830
2021-08-17 17:43:52.838 | DEBUG    | httprunner.client:request:194 - server IP: 127.0.0.1, Port: 8888
2021-08-17 17:43:52.838 | DEBUG    | httprunner.client:log_print:40 - 
================== request details ==================
method   : POST
url      : http://49.235.92.12:8201/api/v4/login
headers  : {
    "User-Agent": "python-requests/2.26.0",
    "Accept-Encoding": "gzip, deflate",
    "Accept": "*/*",
    "Connection": "keep-alive",
    "HRUN-Request-ID": "HRUN-59baa42a-bab5-4cab-868c-4d0b8738df0d-432640",
    "Content-Length": "29",
    "Content-Type": "application/x-www-form-urlencoded"
}
cookies  : {}
body     : username=test&password=123456

2021-08-17 17:43:52.840 | DEBUG    | httprunner.client:log_print:40 - 
================== response details ==================
status_code : 200
headers  : {
    "Date": "Tue, 17 Aug 2021 09:43:53 GMT",
    "Server": "WSGIServer/0.2 CPython/3.6.8",
    "Content-Type": "application/json",
    "Vary": "Accept, Cookie",
    "Allow": "POST, OPTIONS",
    "X-Frame-Options": "SAMEORIGIN",
    "Content-Length": "109"
}
cookies  : {}
encoding : utf-8
content_type : application/json
body     : {
    "code": 0,
    "msg": "login success!",
    "username": "test",
    "token": "f46ceb3dc3b5c4860856862290daf8e744e8b99d"
}

2021-08-17 17:43:52.840 | INFO     | httprunner.client:request:218 - status_code: 200, response_time(ms): 196.37 ms, response_length: 0 bytes
2021-08-17 17:43:52.840 | INFO     | httprunner.response:validate:246 - assert status_code equal 200(int)	==> pass
2021-08-17 17:43:52.840 | INFO     | httprunner.response:validate:246 - assert body.code equal 0(int)	==> pass
2021-08-17 17:43:52.841 | INFO     | httprunner.runner:__run_step:304 - run step end: step-login <<<<<<

