2021-07-20 22:52:26.255 | INFO     | httprunner.runner:test_start:451 - Start to run testcase: ÓÃÀıÃèÊö-µÇÂ¼ÓÃÀı, TestCase ID: 5d3a9040-6321-4b70-9a6e-f3489743fffa
2021-07-20 22:52:26.261 | INFO     | httprunner.runner:__run_step:292 - run step begin: step-µÇÂ¼ >>>>>>
2021-07-20 22:52:26.263 | INFO     | httprunner.runner:__call_hooks:112 - call hook actions: setup request
2021-07-20 22:52:26.264 | DEBUG    | httprunner.runner:__call_hooks:121 - call hook function: ${setup_hook()}
2021-07-20 22:52:26.434 | DEBUG    | httprunner.client:request:186 - client IP: 192.168.1.125, Port: 16335
2021-07-20 22:52:26.435 | DEBUG    | httprunner.client:request:194 - server IP: 49.235.92.12, Port: 8201
2021-07-20 22:52:26.437 | DEBUG    | httprunner.client:log_print:40 - 
================== request details ==================
method   : POST
url      : http://49.235.92.12:8201/api/v1/login
headers  : {
    "User-Agent": "python-requests/2.25.1",
    "Accept-Encoding": "gzip, deflate",
    "Accept": "*/*",
    "Connection": "keep-alive",
    "HRUN-Request-ID": "HRUN-5d3a9040-6321-4b70-9a6e-f3489743fffa-746263",
    "Content-Length": "43",
    "Content-Type": "application/json"
}
cookies  : {}
body     : {
    "username": "test1",
    "password": "123456"
}

2021-07-20 22:52:26.437 | DEBUG    | httprunner.client:log_print:40 - 
================== response details ==================
status_code : 200
headers  : {
    "Date": "Wed, 21 Jul 2021 02:52:42 GMT",
    "Server": "WSGIServer/0.2 CPython/3.6.8",
    "Content-Type": "application/json",
    "Vary": "Accept, Cookie",
    "Allow": "POST, OPTIONS",
    "X-Frame-Options": "SAMEORIGIN",
    "Content-Length": "110"
}
cookies  : {}
encoding : utf-8
content_type : application/json
body     : {
    "code": 0,
    "msg": "login success!",
    "username": "test1",
    "token": "49e4af4a9dd69cdc3a6568a4ba17c57e36bcafb9"
}

2021-07-20 22:52:26.438 | INFO     | httprunner.client:request:218 - status_code: 200, response_time(ms): 169.49 ms, response_length: 0 bytes
2021-07-20 22:52:26.439 | INFO     | httprunner.runner:__call_hooks:112 - call hook actions: teardown request
2021-07-20 22:52:26.441 | DEBUG    | httprunner.runner:__call_hooks:121 - call hook function: ${teardown_hook()}
2021-07-20 22:52:26.443 | INFO     | httprunner.response:extract:176 - extract mapping: {'token': '49e4af4a9dd69cdc3a6568a4ba17c57e36bcafb9'}
2021-07-20 22:52:26.445 | INFO     | httprunner.response:validate:246 - assert status_code equal 200(int)	==> pass
2021-07-20 22:52:26.446 | INFO     | httprunner.response:validate:246 - assert body.msg equal login success!(str)	==> pass
2021-07-20 22:52:26.446 | INFO     | httprunner.response:validate:246 - assert body.code equal 0(int)	==> pass
2021-07-20 22:52:26.447 | INFO     | httprunner.response:validate:246 - assert body.username equal test1(str)	==> pass
2021-07-20 22:52:26.448 | INFO     | httprunner.response:validate:246 - assert body.token length_equal 40(int)	==> pass
2021-07-20 22:52:26.449 | INFO     | httprunner.runner:__run_step:304 - run step end: step-µÇÂ¼ <<<<<<

