2021-08-17 18:24:50.512 | INFO     | httprunner.runner:test_start:451 - Start to run testcase: ÓÃÀýµÄÃèÊö, TestCase ID: 62a1bf0d-86c4-4eaf-9326-b643a39ae837
2021-08-17 18:24:50.515 | INFO     | httprunner.runner:__run_step:292 - run step begin: step-login >>>>>>
2021-08-17 18:24:50.688 | DEBUG    | httprunner.client:request:186 - client IP: 192.168.1.125, Port: 1039
2021-08-17 18:24:50.688 | DEBUG    | httprunner.client:request:194 - server IP: 49.235.92.12, Port: 8201
2021-08-17 18:24:50.690 | DEBUG    | httprunner.client:log_print:40 - 
================== request details ==================
method   : POST
url      : http://49.235.92.12:8201/api/v1/login
headers  : {
    "User-Agent": "python-requests/2.26.0",
    "Accept-Encoding": "gzip, deflate",
    "Accept": "*/*",
    "Connection": "keep-alive",
    "HRUN-Request-ID": "HRUN-62a1bf0d-86c4-4eaf-9326-b643a39ae837-890517",
    "Content-Length": "42",
    "Content-Type": "application/json"
}
cookies  : {}
body     : {
    "username": "test",
    "password": "123456"
}

2021-08-17 18:24:50.691 | DEBUG    | httprunner.client:log_print:40 - 
================== response details ==================
status_code : 200
headers  : {
    "Date": "Tue, 17 Aug 2021 10:24:50 GMT",
    "Server": "WSGIServer/0.2 CPython/3.6.8",
    "Content-Type": "application/json",
    "Vary": "Accept, Cookie",
    "Allow": "POST, OPTIONS",
    "X-Frame-Options": "SAMEORIGIN",
    "Content-Length": "109"
}
cookies  : {}
encoding : utf-8
content_type : application/json
body     : {
    "code": 0,
    "msg": "login success!",
    "username": "test",
    "token": "79f5f22f4bae888beeca5dc3cc1b8115a6acb950"
}

2021-08-17 18:24:50.691 | INFO     | httprunner.client:request:218 - status_code: 200, response_time(ms): 171.21 ms, response_length: 0 bytes
2021-08-17 18:24:50.691 | INFO     | httprunner.response:extract:176 - extract mapping: {'token': '79f5f22f4bae888beeca5dc3cc1b8115a6acb950'}
2021-08-17 18:24:50.692 | INFO     | httprunner.response:validate:246 - assert status_code equal 200(int)	==> pass
2021-08-17 18:24:50.692 | INFO     | httprunner.response:validate:246 - assert body.code equal 0(int)	==> pass
2021-08-17 18:24:50.692 | INFO     | httprunner.response:validate:246 - assert body.msg equal login success!(str)	==> pass
2021-08-17 18:24:50.692 | ERROR    | httprunner.response:validate:263 - assert headers.Content_Type equal application/json(str)	==> fail
check_item: headers.Content_Type
check_value: None(NoneType)
assert_method: equal
expect_value: application/json(str)
2021-08-17 18:24:50.693 | ERROR    | httprunner.runner:log_req_resp_details:194 - 
******************************** DETAILED REQUEST & RESPONSE ********************************
====== request details ======
url: http://49.235.92.12:8201/api/v1/login
method: POST
headers: {'HRUN-Request-ID': 'HRUN-62a1bf0d-86c4-4eaf-9326-b643a39ae837-890517'}
params: {}
data: None
cookies: {}
timeout: 120
allow_redirects: True
verify: False
json: {'username': 'test', 'password': '123456'}

====== response details ======
status_code: 200
headers: {'Date': 'Tue, 17 Aug 2021 10:24:50 GMT', 'Server': 'WSGIServer/0.2 CPython/3.6.8', 'Content-Type': 'application/json', 'Vary': 'Accept, Cookie', 'Allow': 'POST, OPTIONS', 'X-Frame-Options': 'SAMEORIGIN', 'Content-Length': '109'}
body: '{"code": 0, "msg": "login success!", "username": "test", "token": "79f5f22f4bae888beeca5dc3cc1b8115a6acb950"}'

