2021-07-20 22:38:12.488 | INFO     | httprunner.runner:test_start:451 - Start to run testcase: ÓÃÀıÃèÊö-µÇÂ¼ÓÃÀı, TestCase ID: 63a38739-dabc-4ce0-8231-c82848d39645
2021-07-20 22:38:12.494 | INFO     | httprunner.runner:__run_step:292 - run step begin: step-µÇÂ¼ >>>>>>
2021-07-20 22:38:12.497 | INFO     | httprunner.runner:__call_hooks:112 - call hook actions: setup request
2021-07-20 22:38:12.498 | DEBUG    | httprunner.runner:__call_hooks:121 - call hook function: ${setup_hook()}
2021-07-20 22:38:12.683 | DEBUG    | httprunner.client:request:186 - client IP: 192.168.1.125, Port: 16100
2021-07-20 22:38:12.685 | DEBUG    | httprunner.client:request:194 - server IP: 49.235.92.12, Port: 8201
2021-07-20 22:38:12.687 | DEBUG    | httprunner.client:log_print:40 - 
================== request details ==================
method   : POST
url      : http://49.235.92.12:8201/api/v1/login
headers  : {
    "User-Agent": "python-requests/2.25.1",
    "Accept-Encoding": "gzip, deflate",
    "Accept": "*/*",
    "Connection": "keep-alive",
    "HRUN-Request-ID": "HRUN-63a38739-dabc-4ce0-8231-c82848d39645-892497",
    "Content-Length": "43",
    "Content-Type": "application/json"
}
cookies  : {}
body     : {
    "username": "test1",
    "password": "123456"
}

2021-07-20 22:38:12.688 | DEBUG    | httprunner.client:log_print:40 - 
================== response details ==================
status_code : 200
headers  : {
    "Date": "Wed, 21 Jul 2021 02:38:28 GMT",
    "Server": "WSGIServer/0.2 CPython/3.6.8",
    "Content-Type": "application/json",
    "Vary": "Accept, Cookie",
    "Allow": "POST, OPTIONS",
    "X-Frame-Options": "SAMEORIGIN",
    "Content-Length": "110"
}
cookies  : {}
encoding : utf-8
content_type : application/json
body     : {
    "code": 0,
    "msg": "login success!",
    "username": "test1",
    "token": "c6e83ac71e80139b3d1084397d807ea7cdaad926"
}

2021-07-20 22:38:12.692 | INFO     | httprunner.client:request:218 - status_code: 200, response_time(ms): 182.45 ms, response_length: 0 bytes
2021-07-20 22:38:12.695 | INFO     | httprunner.runner:__call_hooks:112 - call hook actions: teardown request
2021-07-20 22:38:12.699 | DEBUG    | httprunner.runner:__call_hooks:121 - call hook function: ${teardown_hook()}
2021-07-20 22:38:12.701 | INFO     | httprunner.response:extract:176 - extract mapping: {'token': 'c6e83ac71e80139b3d1084397d807ea7cdaad926'}
2021-07-20 22:38:12.702 | INFO     | httprunner.response:validate:246 - assert status_code equal 200(int)	==> pass
2021-07-20 22:38:12.702 | INFO     | httprunner.response:validate:246 - assert body.msg equal login success!(str)	==> pass
2021-07-20 22:38:12.703 | INFO     | httprunner.response:validate:246 - assert body.code equal 0(int)	==> pass
2021-07-20 22:38:12.704 | INFO     | httprunner.response:validate:246 - assert body.username equal test1(str)	==> pass
2021-07-20 22:38:12.706 | INFO     | httprunner.response:validate:246 - assert body.token length_equal 40(int)	==> pass
2021-07-20 22:38:12.710 | INFO     | httprunner.runner:__run_step:304 - run step end: step-µÇÂ¼ <<<<<<

