2021-08-17 19:16:33.445 | INFO     | httprunner.runner:test_start:451 - Start to run testcase: ÓÃÀıµÄÃèÊö, TestCase ID: 75bbe61d-f06e-4893-895b-41a22198d61c
2021-08-17 19:16:33.446 | INFO     | httprunner.runner:__run_step:292 - run step begin: step-login >>>>>>
2021-08-17 19:16:33.616 | DEBUG    | httprunner.client:request:186 - client IP: 192.168.1.125, Port: 24147
2021-08-17 19:16:33.616 | DEBUG    | httprunner.client:request:194 - server IP: 49.235.92.12, Port: 8201
2021-08-17 19:16:33.617 | DEBUG    | httprunner.client:log_print:40 - 
================== request details ==================
method   : POST
url      : http://49.235.92.12:8201/api/v4/login
headers  : {
    "User-Agent": "python-requests/2.26.0",
    "Accept-Encoding": "gzip, deflate",
    "Accept": "*/*",
    "Connection": "keep-alive",
    "HRUN-Request-ID": "HRUN-75bbe61d-f06e-4893-895b-41a22198d61c-993446",
    "Content-Length": "29",
    "Content-Type": "application/x-www-form-urlencoded"
}
cookies  : {}
body     : username=test&password=123456

2021-08-17 19:16:33.618 | DEBUG    | httprunner.client:log_print:40 - 
================== response details ==================
status_code : 200
headers  : {
    "Date": "Tue, 17 Aug 2021 11:16:33 GMT",
    "Server": "WSGIServer/0.2 CPython/3.6.8",
    "Content-Type": "application/json",
    "Vary": "Accept, Cookie",
    "Allow": "POST, OPTIONS",
    "X-Frame-Options": "SAMEORIGIN",
    "Content-Length": "109"
}
cookies  : {}
encoding : utf-8
content_type : application/json
body     : {
    "code": 0,
    "msg": "login success!",
    "username": "test",
    "token": "ab568bcf2e0f690d06081a8080903084e6111ce4"
}

2021-08-17 19:16:33.618 | INFO     | httprunner.client:request:218 - status_code: 200, response_time(ms): 170.16 ms, response_length: 0 bytes
2021-08-17 19:16:33.619 | INFO     | httprunner.response:extract:176 - extract mapping: {'token': 'ab568bcf2e0f690d06081a8080903084e6111ce4'}
2021-08-17 19:16:33.619 | INFO     | httprunner.response:validate:246 - assert status_code equal 200(int)	==> pass
2021-08-17 19:16:33.620 | INFO     | httprunner.response:validate:246 - assert body.code equal 0(int)	==> pass
2021-08-17 19:16:33.620 | INFO     | httprunner.response:validate:246 - assert body.msg equal login success!(str)	==> pass
2021-08-17 19:16:33.620 | INFO     | httprunner.runner:__run_step:304 - run step end: step-login <<<<<<

