2021-08-17 18:54:10.489 | INFO     | httprunner.runner:test_start:451 - Start to run testcase: µÇÂ¼v4ÓÃÀý, TestCase ID: 7c211ea4-f795-4228-acb9-c7ffcab80ea5
2021-08-17 18:54:10.492 | INFO     | httprunner.runner:__run_step:292 - run step begin: step-login >>>>>>
2021-08-17 18:54:10.654 | DEBUG    | httprunner.client:request:186 - client IP: 192.168.1.125, Port: 22844
2021-08-17 18:54:10.657 | DEBUG    | httprunner.client:request:194 - server IP: 49.235.92.12, Port: 8201
2021-08-17 18:54:10.659 | DEBUG    | httprunner.client:log_print:40 - 
================== request details ==================
method   : POST
url      : http://49.235.92.12:8201/api/v4/login
headers  : {
    "User-Agent": "python-requests/2.26.0",
    "Accept-Encoding": "gzip, deflate",
    "Accept": "*/*",
    "Connection": "keep-alive",
    "HRUN-Request-ID": "HRUN-7c211ea4-f795-4228-acb9-c7ffcab80ea5-650494",
    "Content-Length": "29",
    "Content-Type": "application/x-www-form-urlencoded"
}
cookies  : {}
body     : username=test&password=123456

2021-08-17 18:54:10.661 | DEBUG    | httprunner.client:log_print:40 - 
================== response details ==================
status_code : 200
headers  : {
    "Date": "Tue, 17 Aug 2021 10:54:10 GMT",
    "Server": "WSGIServer/0.2 CPython/3.6.8",
    "Content-Type": "application/json",
    "Vary": "Accept, Cookie",
    "Allow": "POST, OPTIONS",
    "X-Frame-Options": "SAMEORIGIN",
    "Content-Length": "109"
}
cookies  : {}
encoding : utf-8
content_type : application/json
body     : {
    "code": 0,
    "msg": "login success!",
    "username": "test",
    "token": "607d2bea6a652b05f3e3d201e7328e2bb4026173"
}

2021-08-17 18:54:10.662 | INFO     | httprunner.client:request:218 - status_code: 200, response_time(ms): 160.0 ms, response_length: 0 bytes
2021-08-17 18:54:10.673 | INFO     | httprunner.response:validate:246 - assert status_code equal 200(int)	==> pass
2021-08-17 18:54:10.674 | ERROR    | httprunner.response:_search_jmespath:158 - failed to search with jmespath
expression: headers.Content-Type
data: {'status_code': 200, 'headers': {'Date': 'Tue, 17 Aug 2021 10:54:10 GMT', 'Server': 'WSGIServer/0.2 CPython/3.6.8', 'Content-Type': 'application/json', 'Vary': 'Accept, Cookie', 'Allow': 'POST, OPTIONS', 'X-Frame-Options': 'SAMEORIGIN', 'Content-Length': '109'}, 'cookies': {}, 'body': {'code': 0, 'msg': 'login success!', 'username': 'test', 'token': '607d2bea6a652b05f3e3d201e7328e2bb4026173'}}
exception: Bad jmespath expression: Unknown token '-':
headers.Content-Type
               ^
