2021-08-17 18:15:51.942 | INFO     | httprunner.runner:test_start:451 - Start to run testcase: ÓÃÀıµÄÃèÊö, TestCase ID: 82b89a3f-26b3-4876-9a38-8e67df7d2a50
2021-08-17 18:15:51.944 | INFO     | httprunner.runner:__run_step:292 - run step begin: step-login >>>>>>
2021-08-17 18:15:52.120 | DEBUG    | httprunner.client:request:186 - client IP: 192.168.1.125, Port: 6742
2021-08-17 18:15:52.122 | DEBUG    | httprunner.client:request:194 - server IP: 49.235.92.12, Port: 8201
2021-08-17 18:15:52.124 | DEBUG    | httprunner.client:log_print:40 - 
================== request details ==================
method   : POST
url      : http://49.235.92.12:8201/api/v1/login
headers  : {
    "User-Agent": "python-requests/2.26.0",
    "Accept-Encoding": "gzip, deflate",
    "Accept": "*/*",
    "Connection": "keep-alive",
    "HRUN-Request-ID": "HRUN-82b89a3f-26b3-4876-9a38-8e67df7d2a50-351946",
    "Content-Length": "42",
    "Content-Type": "application/json"
}
cookies  : {}
body     : {
    "username": "test",
    "password": "123456"
}

2021-08-17 18:15:52.126 | DEBUG    | httprunner.client:log_print:40 - 
================== response details ==================
status_code : 200
headers  : {
    "Date": "Tue, 17 Aug 2021 10:15:52 GMT",
    "Server": "WSGIServer/0.2 CPython/3.6.8",
    "Content-Type": "application/json",
    "Vary": "Accept, Cookie",
    "Allow": "POST, OPTIONS",
    "X-Frame-Options": "SAMEORIGIN",
    "Content-Length": "109"
}
cookies  : {}
encoding : utf-8
content_type : application/json
body     : {
    "code": 0,
    "msg": "login success!",
    "username": "test",
    "token": "871160aabf9ca8574805f5cfa7fd17f1b6a1ef60"
}

2021-08-17 18:15:52.127 | INFO     | httprunner.client:request:218 - status_code: 200, response_time(ms): 174.19 ms, response_length: 0 bytes
2021-08-17 18:15:52.128 | INFO     | httprunner.response:extract:176 - extract mapping: {'token': '871160aabf9ca8574805f5cfa7fd17f1b6a1ef60'}
2021-08-17 18:15:52.131 | INFO     | httprunner.response:validate:246 - assert status_code equal 200(int)	==> pass
2021-08-17 18:15:52.135 | INFO     | httprunner.response:validate:246 - assert body.code equal 0(int)	==> pass
2021-08-17 18:15:52.136 | INFO     | httprunner.response:validate:246 - assert body.msg equal login success!(str)	==> pass
2021-08-17 18:15:52.137 | INFO     | httprunner.runner:__run_step:304 - run step end: step-login <<<<<<

