2021-08-17 19:26:04.226 | INFO     | httprunner.runner:test_start:451 - Start to run testcase: µÇÂ¼v4ÓÃÀı, TestCase ID: 84f6b2e8-486b-48fa-819f-19d99dc0ecf6
2021-08-17 19:26:04.228 | INFO     | httprunner.runner:__run_step:292 - run step begin: step-login >>>>>>
2021-08-17 19:26:04.587 | DEBUG    | httprunner.client:request:186 - client IP: 192.168.1.125, Port: 24585
2021-08-17 19:26:04.589 | DEBUG    | httprunner.client:request:194 - server IP: 49.235.92.12, Port: 8201
2021-08-17 19:26:04.590 | DEBUG    | httprunner.client:log_print:40 - 
================== request details ==================
method   : POST
url      : http://49.235.92.12:8201/api/v4/login
headers  : {
    "User-Agent": "python-requests/2.26.0",
    "Accept-Encoding": "gzip, deflate",
    "Accept": "*/*",
    "Connection": "keep-alive",
    "HRUN-Request-ID": "HRUN-84f6b2e8-486b-48fa-819f-19d99dc0ecf6-564230",
    "Content-Length": "29",
    "Content-Type": "application/x-www-form-urlencoded"
}
cookies  : {}
body     : username=test&password=123456

2021-08-17 19:26:04.593 | DEBUG    | httprunner.client:log_print:40 - 
================== response details ==================
status_code : 200
headers  : {
    "Date": "Tue, 17 Aug 2021 11:26:04 GMT",
    "Server": "WSGIServer/0.2 CPython/3.6.8",
    "Content-Type": "application/json",
    "Vary": "Accept, Cookie",
    "Allow": "POST, OPTIONS",
    "X-Frame-Options": "SAMEORIGIN",
    "Content-Length": "109"
}
cookies  : {}
encoding : utf-8
content_type : application/json
body     : {
    "code": 0,
    "msg": "login success!",
    "username": "test",
    "token": "54f1ee0b4f09cf7a3de96c8425cb884da7f67ba6"
}

2021-08-17 19:26:04.594 | INFO     | httprunner.client:request:218 - status_code: 200, response_time(ms): 357.79 ms, response_length: 0 bytes
2021-08-17 19:26:04.596 | INFO     | httprunner.response:validate:246 - assert status_code equal 200(int)	==> pass
2021-08-17 19:26:04.607 | INFO     | httprunner.response:validate:246 - assert headers."Content-Type" equal application/json(str)	==> pass
2021-08-17 19:26:04.609 | INFO     | httprunner.runner:__run_step:304 - run step end: step-login <<<<<<

