2021-07-20 23:51:09.934 | INFO     | httprunner.runner:test_start:451 - Start to run testcase: ÓÃÀıÃèÊö-µÇÂ¼ÓÃÀı, TestCase ID: 89d296c0-f7c6-425d-97ae-c9a010f269e9
2021-07-20 23:51:09.936 | INFO     | httprunner.runner:__run_step:292 - run step begin: step-µÇÂ¼ >>>>>>
2021-07-20 23:51:09.938 | INFO     | httprunner.runner:__call_hooks:112 - call hook actions: setup request
2021-07-20 23:51:09.942 | DEBUG    | httprunner.runner:__call_hooks:121 - call hook function: ${login_sign($request)}
2021-07-20 23:51:10.148 | DEBUG    | httprunner.client:request:186 - client IP: 127.0.0.1, Port: 16795
2021-07-20 23:51:10.150 | DEBUG    | httprunner.client:request:194 - server IP: 127.0.0.1, Port: 8888
2021-07-20 23:51:10.153 | DEBUG    | httprunner.client:log_print:40 - 
================== request details ==================
method   : POST
url      : http://49.235.92.12:8201/api/v3/login
headers  : {
    "User-Agent": "python-requests/2.25.1",
    "Accept-Encoding": "gzip, deflate",
    "Accept": "*/*",
    "Connection": "keep-alive",
    "HRUN-Request-ID": "HRUN-89d296c0-f7c6-425d-97ae-c9a010f269e9-269938",
    "Content-Length": "87",
    "Content-Type": "application/json"
}
cookies  : {}
body     : {
    "username": "test1",
    "password": "123456",
    "sign": "d43e3ba1edd43a42b7c3c07d22b1ef17"
}

2021-07-20 23:51:10.155 | DEBUG    | httprunner.client:log_print:40 - 
================== response details ==================
status_code : 200
headers  : {
    "Date": "Wed, 21 Jul 2021 03:51:25 GMT",
    "Server": "WSGIServer/0.2 CPython/3.6.8",
    "Content-Type": "application/json",
    "Vary": "Accept, Cookie",
    "Allow": "POST, OPTIONS",
    "X-Frame-Options": "SAMEORIGIN",
    "Content-Length": "110"
}
cookies  : {}
encoding : utf-8
content_type : application/json
body     : {
    "code": 0,
    "msg": "login success!",
    "username": "test1",
    "token": "05219185baeb62632fff084cad9eb9375ff69c67"
}

2021-07-20 23:51:10.166 | INFO     | httprunner.client:request:218 - status_code: 200, response_time(ms): 183.87 ms, response_length: 0 bytes
2021-07-20 23:51:10.170 | INFO     | httprunner.response:extract:176 - extract mapping: {'token': '05219185baeb62632fff084cad9eb9375ff69c67'}
2021-07-20 23:51:10.171 | INFO     | httprunner.response:validate:246 - assert status_code equal 200(int)	==> pass
2021-07-20 23:51:10.183 | INFO     | httprunner.response:validate:246 - assert body.msg equal login success!(str)	==> pass
2021-07-20 23:51:10.195 | INFO     | httprunner.response:validate:246 - assert body.code equal 0(int)	==> pass
2021-07-20 23:51:10.204 | INFO     | httprunner.response:validate:246 - assert body.username equal test1(str)	==> pass
2021-07-20 23:51:10.207 | INFO     | httprunner.response:validate:246 - assert body.token length_equal 40(int)	==> pass
2021-07-20 23:51:10.217 | INFO     | httprunner.runner:__run_step:304 - run step end: step-µÇÂ¼ <<<<<<

