2021-08-17 19:17:22.538 | INFO     | httprunner.runner:test_start:451 - Start to run testcase: case, TestCase ID: 8ab92aa1-ae95-41ab-a51c-c705a145dd70
2021-08-17 19:17:22.542 | INFO     | httprunner.runner:__run_step:292 - run step begin: step1-login >>>>>>
2021-08-17 19:17:22.543 | INFO     | httprunner.runner:__run_step:292 - run step begin: step-login >>>>>>
2021-08-17 19:17:22.696 | DEBUG    | httprunner.client:request:186 - client IP: 192.168.1.125, Port: 24193
2021-08-17 19:17:22.698 | DEBUG    | httprunner.client:request:194 - server IP: 49.235.92.12, Port: 8201
2021-08-17 19:17:22.700 | DEBUG    | httprunner.client:log_print:40 - 
================== request details ==================
method   : POST
url      : http://49.235.92.12:8201/api/v4/login
headers  : {
    "User-Agent": "python-requests/2.26.0",
    "Accept-Encoding": "gzip, deflate",
    "Accept": "*/*",
    "Connection": "keep-alive",
    "HRUN-Request-ID": "HRUN-8ab92aa1-ae95-41ab-a51c-c705a145dd70-042545",
    "Content-Length": "29",
    "Content-Type": "application/x-www-form-urlencoded"
}
cookies  : {}
body     : username=test&password=123456

2021-08-17 19:17:22.703 | DEBUG    | httprunner.client:log_print:40 - 
================== response details ==================
status_code : 200
headers  : {
    "Date": "Tue, 17 Aug 2021 11:17:22 GMT",
    "Server": "WSGIServer/0.2 CPython/3.6.8",
    "Content-Type": "application/json",
    "Vary": "Accept, Cookie",
    "Allow": "POST, OPTIONS",
    "X-Frame-Options": "SAMEORIGIN",
    "Content-Length": "109"
}
cookies  : {}
encoding : utf-8
content_type : application/json
body     : {
    "code": 0,
    "msg": "login success!",
    "username": "test",
    "token": "feb37e18490590c76e30480ea799aadcd6816ec5"
}

2021-08-17 19:17:22.706 | INFO     | httprunner.client:request:218 - status_code: 200, response_time(ms): 151.0 ms, response_length: 0 bytes
2021-08-17 19:17:22.707 | INFO     | httprunner.response:extract:176 - extract mapping: {'token': 'feb37e18490590c76e30480ea799aadcd6816ec5'}
2021-08-17 19:17:22.708 | INFO     | httprunner.response:validate:246 - assert status_code equal 200(int)	==> pass
2021-08-17 19:17:22.708 | INFO     | httprunner.response:validate:246 - assert body.code equal 0(int)	==> pass
2021-08-17 19:17:22.709 | INFO     | httprunner.response:validate:246 - assert body.msg equal login success!(str)	==> pass
2021-08-17 19:17:22.710 | INFO     | httprunner.runner:__run_step:304 - run step end: step-login <<<<<<

2021-08-17 19:17:22.711 | INFO     | httprunner.runner:__run_step_testcase:286 - export variables: {'token': 'feb37e18490590c76e30480ea799aadcd6816ec5'}
2021-08-17 19:17:22.712 | INFO     | httprunner.runner:__run_step:304 - run step end: step1-login <<<<<<

2021-08-17 19:17:22.714 | INFO     | httprunner.runner:__run_step:292 - run step begin: step2-info >>>>>>
2021-08-17 19:17:22.757 | DEBUG    | httprunner.client:request:186 - client IP: 192.168.1.125, Port: 24194
2021-08-17 19:17:22.759 | DEBUG    | httprunner.client:request:194 - server IP: 49.235.92.12, Port: 8201
2021-08-17 19:17:22.761 | DEBUG    | httprunner.client:log_print:40 - 
================== request details ==================
method   : GET
url      : http://49.235.92.12:8201/api/v1/userinfo
headers  : {
    "User-Agent": "python-requests/2.26.0",
    "Accept-Encoding": "gzip, deflate",
    "Accept": "*/*",
    "Connection": "keep-alive",
    "Authorization": "Token feb37e18490590c76e30480ea799aadcd6816ec5",
    "HRUN-Request-ID": "HRUN-8ab92aa1-ae95-41ab-a51c-c705a145dd70-042716"
}
cookies  : {}
body     : None

2021-08-17 19:17:22.762 | DEBUG    | httprunner.client:log_print:40 - 
================== response details ==================
status_code : 200
headers  : {
    "Date": "Tue, 17 Aug 2021 11:17:22 GMT",
    "Server": "WSGIServer/0.2 CPython/3.6.8",
    "Content-Type": "application/json",
    "Vary": "Accept",
    "Allow": "GET, POST, HEAD, OPTIONS",
    "X-Frame-Options": "SAMEORIGIN",
    "Content-Length": "125"
}
cookies  : {}
encoding : utf-8
content_type : application/json
body     : {
    "msg": "success!",
    "code": 0,
    "data": [
        {
            "id": 1,
            "name": "test",
            "sex": "F",
            "age": 20,
            "mail": "123@qq.com",
            "create_time": "2021-08-17"
        }
    ]
}

2021-08-17 19:17:22.766 | INFO     | httprunner.client:request:218 - status_code: 200, response_time(ms): 41.14 ms, response_length: 0 bytes
2021-08-17 19:17:22.769 | INFO     | httprunner.response:validate:246 - assert body.code equal 0(int)	==> pass
2021-08-17 19:17:22.771 | INFO     | httprunner.runner:__run_step:304 - run step end: step2-info <<<<<<

