2021-08-17 18:41:15.388 | INFO     | httprunner.runner:test_start:451 - Start to run testcase: ÓÃÀıµÄÃèÊö, TestCase ID: 8ff40d92-3a3e-4039-9371-fb490ba190e6
2021-08-17 18:41:15.390 | INFO     | httprunner.runner:__run_step:292 - run step begin: step-login >>>>>>
2021-08-17 18:41:15.600 | DEBUG    | httprunner.client:request:186 - client IP: 192.168.1.125, Port: 21969
2021-08-17 18:41:15.601 | DEBUG    | httprunner.client:request:194 - server IP: 49.235.92.12, Port: 8201
2021-08-17 18:41:15.603 | DEBUG    | httprunner.client:log_print:40 - 
================== request details ==================
method   : POST
url      : http://49.235.92.12:8201/api/v1/login
headers  : {
    "User-Agent": "python-requests/2.26.0",
    "Accept-Encoding": "gzip, deflate",
    "Accept": "*/*",
    "Connection": "keep-alive",
    "HRUN-Request-ID": "HRUN-8ff40d92-3a3e-4039-9371-fb490ba190e6-875391",
    "Content-Length": "42",
    "Content-Type": "application/json"
}
cookies  : {}
body     : {
    "username": "test",
    "password": "123456"
}

2021-08-17 18:41:15.604 | DEBUG    | httprunner.client:log_print:40 - 
================== response details ==================
status_code : 200
headers  : {
    "Date": "Tue, 17 Aug 2021 10:41:15 GMT",
    "Server": "WSGIServer/0.2 CPython/3.6.8",
    "Content-Type": "application/json",
    "Vary": "Accept, Cookie",
    "Allow": "POST, OPTIONS",
    "X-Frame-Options": "SAMEORIGIN",
    "Content-Length": "109"
}
cookies  : {}
encoding : utf-8
content_type : application/json
body     : {
    "code": 0,
    "msg": "login success!",
    "username": "test",
    "token": "385715d24fcb45c46fc027716fe9f7756232c7eb"
}

2021-08-17 18:41:15.605 | INFO     | httprunner.client:request:218 - status_code: 200, response_time(ms): 209.32 ms, response_length: 0 bytes
2021-08-17 18:41:15.605 | INFO     | httprunner.response:extract:176 - extract mapping: {'token': '385715d24fcb45c46fc027716fe9f7756232c7eb'}
2021-08-17 18:41:15.605 | INFO     | httprunner.response:validate:246 - assert status_code equal 200(int)	==> pass
2021-08-17 18:41:15.606 | INFO     | httprunner.response:validate:246 - assert body.code equal 0(int)	==> pass
2021-08-17 18:41:15.606 | INFO     | httprunner.response:validate:246 - assert body.msg equal login success!(str)	==> pass
2021-08-17 18:41:15.606 | INFO     | httprunner.runner:__run_step:304 - run step end: step-login <<<<<<

