2021-08-18 08:54:05.245 | INFO     | httprunner.runner:test_start:451 - Start to run testcase: ÓÃÀıÃèÊö-µÇÂ¼ÓÃÀı, TestCase ID: 92cda99a-1995-4711-ad44-48b2383f7dd8
2021-08-18 08:54:05.270 | INFO     | httprunner.runner:__run_step:292 - run step begin: step-µÇÂ¼ >>>>>>
2021-08-18 08:54:05.537 | DEBUG    | httprunner.client:request:186 - client IP: 192.168.1.125, Port: 26435
2021-08-18 08:54:05.541 | DEBUG    | httprunner.client:request:194 - server IP: 49.235.92.12, Port: 8201
2021-08-18 08:54:05.557 | DEBUG    | httprunner.client:log_print:40 - 
================== request details ==================
method   : POST
url      : http://49.235.92.12:8201/api/v1/login
headers  : {
    "User-Agent": "python-requests/2.26.0",
    "Accept-Encoding": "gzip, deflate",
    "Accept": "*/*",
    "Connection": "keep-alive",
    "HRUN-Request-ID": "HRUN-92cda99a-1995-4711-ad44-48b2383f7dd8-045275",
    "Content-Length": "42",
    "Content-Type": "application/json"
}
cookies  : {}
body     : {
    "username": "test",
    "password": "123456"
}

2021-08-18 08:54:05.558 | DEBUG    | httprunner.client:log_print:40 - 
================== response details ==================
status_code : 200
headers  : {
    "Date": "Wed, 18 Aug 2021 00:54:05 GMT",
    "Server": "WSGIServer/0.2 CPython/3.6.8",
    "Content-Type": "application/json",
    "Vary": "Accept, Cookie",
    "Allow": "POST, OPTIONS",
    "X-Frame-Options": "SAMEORIGIN",
    "Content-Length": "109"
}
cookies  : {}
encoding : utf-8
content_type : application/json
body     : {
    "code": 0,
    "msg": "login success!",
    "username": "test",
    "token": "4943fdab3a557ac3971c0972ddae7dce8d7e1018"
}

2021-08-18 08:54:05.558 | INFO     | httprunner.client:request:218 - status_code: 200, response_time(ms): 261.86 ms, response_length: 0 bytes
2021-08-18 08:54:05.559 | INFO     | httprunner.response:extract:176 - extract mapping: {'token': '4943fdab3a557ac3971c0972ddae7dce8d7e1018'}
2021-08-18 08:54:05.560 | INFO     | httprunner.response:validate:246 - assert status_code equal 200(int)	==> pass
2021-08-18 08:54:05.560 | INFO     | httprunner.response:validate:246 - assert body.msg equal login success!(str)	==> pass
2021-08-18 08:54:05.561 | INFO     | httprunner.response:validate:246 - assert body.code equal 0(int)	==> pass
2021-08-18 08:54:05.562 | INFO     | httprunner.response:validate:246 - assert body.username equal test(str)	==> pass
2021-08-18 08:54:05.562 | INFO     | httprunner.response:validate:246 - assert body.token length_equal 40(int)	==> pass
2021-08-18 08:54:05.563 | INFO     | httprunner.runner:__run_step:304 - run step end: step-µÇÂ¼ <<<<<<

