2021-08-12 18:58:08.168 | INFO     | httprunner.runner:test_start:451 - Start to run testcase: ÓÃÀıµÄÃèÊö, TestCase ID: 965c28f1-2053-4c47-8f26-b0a67b495928
2021-08-12 18:58:08.169 | INFO     | httprunner.runner:__run_step:292 - run step begin: step-login >>>>>>
2021-08-12 18:58:08.361 | DEBUG    | httprunner.client:request:186 - client IP: 127.0.0.1, Port: 2216
2021-08-12 18:58:08.362 | DEBUG    | httprunner.client:request:194 - server IP: 127.0.0.1, Port: 8888
2021-08-12 18:58:08.363 | DEBUG    | httprunner.client:log_print:40 - 
================== request details ==================
method   : POST
url      : http://49.235.92.12:8201/api/v1/login
headers  : {
    "User-Agent": "python-requests/2.26.0",
    "Accept-Encoding": "gzip, deflate",
    "Accept": "*/*",
    "Connection": "keep-alive",
    "HRUN-Request-ID": "HRUN-965c28f1-2053-4c47-8f26-b0a67b495928-888170",
    "Content-Length": "42",
    "Content-Type": "application/json"
}
cookies  : {}
body     : {
    "username": "test",
    "password": "123456"
}

2021-08-12 18:58:08.364 | DEBUG    | httprunner.client:log_print:40 - 
================== response details ==================
status_code : 200
headers  : {
    "Date": "Thu, 12 Aug 2021 10:58:09 GMT",
    "Server": "WSGIServer/0.2 CPython/3.6.8",
    "Content-Type": "application/json",
    "Vary": "Accept, Cookie",
    "Allow": "POST, OPTIONS",
    "X-Frame-Options": "SAMEORIGIN",
    "Content-Length": "109"
}
cookies  : {}
encoding : utf-8
content_type : application/json
body     : {
    "code": 0,
    "msg": "login success!",
    "username": "test",
    "token": "3a06f76cfab0921643a6fb29bbce0c4ed7c48315"
}

2021-08-12 18:58:08.365 | INFO     | httprunner.client:request:218 - status_code: 200, response_time(ms): 190.88 ms, response_length: 0 bytes
2021-08-12 18:58:08.365 | INFO     | httprunner.response:extract:176 - extract mapping: {'token': '3a06f76cfab0921643a6fb29bbce0c4ed7c48315'}
2021-08-12 18:58:08.366 | INFO     | httprunner.response:validate:246 - assert status_code equal 200(int)	==> pass
2021-08-12 18:58:08.366 | INFO     | httprunner.response:validate:246 - assert body.code equal 0(int)	==> pass
2021-08-12 18:58:08.366 | INFO     | httprunner.response:validate:246 - assert body.msg equal login success!(str)	==> pass
2021-08-12 18:58:08.366 | INFO     | httprunner.runner:__run_step:304 - run step end: step-login <<<<<<

2021-08-12 18:58:08.366 | INFO     | httprunner.runner:__run_step:292 - run step begin: step2-info >>>>>>
2021-08-12 18:58:08.419 | DEBUG    | httprunner.client:request:186 - client IP: 127.0.0.1, Port: 2216
2021-08-12 18:58:08.419 | DEBUG    | httprunner.client:request:194 - server IP: 127.0.0.1, Port: 8888
2021-08-12 18:58:08.419 | DEBUG    | httprunner.client:log_print:40 - 
================== request details ==================
method   : POST
url      : http://49.235.92.12:8201/api/v1/userinfo
headers  : {
    "User-Agent": "python-requests/2.26.0",
    "Accept-Encoding": "gzip, deflate",
    "Accept": "*/*",
    "Connection": "keep-alive",
    "Authorization": "Token 3a06f76cfab0921643a6fb29bbce0c4ed7c48315",
    "HRUN-Request-ID": "HRUN-965c28f1-2053-4c47-8f26-b0a67b495928-888367",
    "Content-Length": "67",
    "Content-Type": "application/json"
}
cookies  : {}
body     : {
    "name": "test",
    "sex": "M",
    "age": 20,
    "mail": "283340479@qq.com"
}

2021-08-12 18:58:08.420 | DEBUG    | httprunner.client:log_print:40 - 
================== response details ==================
status_code : 200
headers  : {
    "Date": "Thu, 12 Aug 2021 10:58:09 GMT",
    "Server": "WSGIServer/0.2 CPython/3.6.8",
    "Content-Type": "application/json",
    "Vary": "Accept",
    "Allow": "GET, POST, HEAD, OPTIONS",
    "X-Frame-Options": "SAMEORIGIN",
    "Content-Length": "108"
}
cookies  : {}
encoding : utf-8
content_type : application/json
body     : {
    "message": "update some data!",
    "code": 0,
    "data": {
        "name": "test",
        "sex": "M",
        "age": 20,
        "mail": "283340479@qq.com"
    }
}

2021-08-12 18:58:08.420 | INFO     | httprunner.client:request:218 - status_code: 200, response_time(ms): 52.38 ms, response_length: 0 bytes
2021-08-12 18:58:08.420 | INFO     | httprunner.response:validate:246 - assert status_code equal 200(int)	==> pass
2021-08-12 18:58:08.420 | INFO     | httprunner.response:validate:246 - assert body.code equal 0(int)	==> pass
2021-08-12 18:58:08.421 | INFO     | httprunner.response:validate:246 - assert body.message equal update some data!(str)	==> pass
2021-08-12 18:58:08.421 | INFO     | httprunner.runner:__run_step:304 - run step end: step2-info <<<<<<

