2021-07-22 08:38:54.329 | INFO     | httprunner.runner:test_start:451 - Start to run testcase: ÓÃÀıÃèÊö-µÇÂ¼ÓÃÀı, TestCase ID: 96613337-d5c0-4327-bb49-ee31131a3799
2021-07-22 08:38:54.331 | INFO     | httprunner.runner:__run_step:292 - run step begin: step-µÇÂ¼ >>>>>>
2021-07-22 08:38:54.508 | DEBUG    | httprunner.client:request:186 - client IP: 192.168.1.125, Port: 1457
2021-07-22 08:38:54.509 | DEBUG    | httprunner.client:request:194 - server IP: 49.235.92.12, Port: 8201
2021-07-22 08:38:54.511 | DEBUG    | httprunner.client:log_print:40 - 
================== request details ==================
method   : POST
url      : http://49.235.92.12:8201/api/v1/login
headers  : {
    "User-Agent": "python-requests/2.25.1",
    "Accept-Encoding": "gzip, deflate",
    "Accept": "*/*",
    "Connection": "keep-alive",
    "HRUN-Request-ID": "HRUN-96613337-d5c0-4327-bb49-ee31131a3799-334332",
    "Content-Length": "42",
    "Content-Type": "application/json"
}
cookies  : {}
body     : {
    "username": "test",
    "password": "123456"
}

2021-07-22 08:38:54.514 | DEBUG    | httprunner.client:log_print:40 - 
================== response details ==================
status_code : 200
headers  : {
    "Date": "Thu, 22 Jul 2021 00:38:53 GMT",
    "Server": "WSGIServer/0.2 CPython/3.6.8",
    "Content-Type": "application/json",
    "Vary": "Accept, Cookie",
    "Allow": "POST, OPTIONS",
    "X-Frame-Options": "SAMEORIGIN",
    "Content-Length": "109"
}
cookies  : {}
encoding : utf-8
content_type : application/json
body     : {
    "code": 0,
    "msg": "login success!",
    "username": "test",
    "token": "af742f5f7d6e68000da51803255ff2deb06de7e8"
}

2021-07-22 08:38:54.515 | INFO     | httprunner.client:request:218 - status_code: 200, response_time(ms): 176.09 ms, response_length: 0 bytes
2021-07-22 08:38:54.516 | INFO     | httprunner.response:extract:176 - extract mapping: {'token': 'af742f5f7d6e68000da51803255ff2deb06de7e8'}
2021-07-22 08:38:54.517 | INFO     | httprunner.response:validate:246 - assert status_code equal 200(int)	==> pass
2021-07-22 08:38:54.518 | INFO     | httprunner.response:validate:246 - assert body.msg equal login success!(str)	==> pass
2021-07-22 08:38:54.519 | INFO     | httprunner.response:validate:246 - assert body.code equal 0(int)	==> pass
2021-07-22 08:38:54.519 | INFO     | httprunner.runner:__run_step:304 - run step end: step-µÇÂ¼ <<<<<<

