2021-08-17 19:17:22.779 | INFO     | httprunner.runner:test_start:451 - Start to run testcase: ÓÃÀıµÄÃèÊö, TestCase ID: 9b0df708-3a4d-464c-b31f-6e13fcd6fb84
2021-08-17 19:17:22.782 | INFO     | httprunner.runner:__run_step:292 - run step begin: step-login >>>>>>
2021-08-17 19:17:22.936 | DEBUG    | httprunner.client:request:186 - client IP: 192.168.1.125, Port: 24195
2021-08-17 19:17:22.938 | DEBUG    | httprunner.client:request:194 - server IP: 49.235.92.12, Port: 8201
2021-08-17 19:17:22.940 | DEBUG    | httprunner.client:log_print:40 - 
================== request details ==================
method   : POST
url      : http://49.235.92.12:8201/api/v4/login
headers  : {
    "User-Agent": "python-requests/2.26.0",
    "Accept-Encoding": "gzip, deflate",
    "Accept": "*/*",
    "Connection": "keep-alive",
    "HRUN-Request-ID": "HRUN-9b0df708-3a4d-464c-b31f-6e13fcd6fb84-042784",
    "Content-Length": "29",
    "Content-Type": "application/x-www-form-urlencoded"
}
cookies  : {}
body     : username=test&password=123456

2021-08-17 19:17:22.942 | DEBUG    | httprunner.client:log_print:40 - 
================== response details ==================
status_code : 200
headers  : {
    "Date": "Tue, 17 Aug 2021 11:17:23 GMT",
    "Server": "WSGIServer/0.2 CPython/3.6.8",
    "Content-Type": "application/json",
    "Vary": "Accept, Cookie",
    "Allow": "POST, OPTIONS",
    "X-Frame-Options": "SAMEORIGIN",
    "Content-Length": "109"
}
cookies  : {}
encoding : utf-8
content_type : application/json
body     : {
    "code": 0,
    "msg": "login success!",
    "username": "test",
    "token": "1e4202c804847ccf815da24e1a6ab786c06dd3af"
}

2021-08-17 19:17:22.943 | INFO     | httprunner.client:request:218 - status_code: 200, response_time(ms): 151.07 ms, response_length: 0 bytes
2021-08-17 19:17:22.944 | INFO     | httprunner.response:extract:176 - extract mapping: {'token': '1e4202c804847ccf815da24e1a6ab786c06dd3af'}
2021-08-17 19:17:22.946 | INFO     | httprunner.response:validate:246 - assert status_code equal 200(int)	==> pass
2021-08-17 19:17:22.948 | INFO     | httprunner.response:validate:246 - assert body.code equal 0(int)	==> pass
2021-08-17 19:17:22.951 | INFO     | httprunner.response:validate:246 - assert body.msg equal login success!(str)	==> pass
2021-08-17 19:17:22.953 | INFO     | httprunner.runner:__run_step:304 - run step end: step-login <<<<<<

