2021-08-17 19:16:33.209 | INFO     | httprunner.runner:test_start:451 - Start to run testcase: case, TestCase ID: a2bfd1f8-dd1c-41a8-a752-91ae7868a231
2021-08-17 19:16:33.209 | INFO     | httprunner.runner:__run_step:292 - run step begin: step1-login >>>>>>
2021-08-17 19:16:33.211 | INFO     | httprunner.runner:__run_step:292 - run step begin: step-login >>>>>>
2021-08-17 19:16:33.395 | DEBUG    | httprunner.client:request:186 - client IP: 192.168.1.125, Port: 24145
2021-08-17 19:16:33.396 | DEBUG    | httprunner.client:request:194 - server IP: 49.235.92.12, Port: 8201
2021-08-17 19:16:33.396 | DEBUG    | httprunner.client:log_print:40 - 
================== request details ==================
method   : POST
url      : http://49.235.92.12:8201/api/v4/login
headers  : {
    "User-Agent": "python-requests/2.26.0",
    "Accept-Encoding": "gzip, deflate",
    "Accept": "*/*",
    "Connection": "keep-alive",
    "HRUN-Request-ID": "HRUN-a2bfd1f8-dd1c-41a8-a752-91ae7868a231-993212",
    "Content-Length": "29",
    "Content-Type": "application/x-www-form-urlencoded"
}
cookies  : {}
body     : username=test&password=123456

2021-08-17 19:16:33.398 | DEBUG    | httprunner.client:log_print:40 - 
================== response details ==================
status_code : 200
headers  : {
    "Date": "Tue, 17 Aug 2021 11:16:33 GMT",
    "Server": "WSGIServer/0.2 CPython/3.6.8",
    "Content-Type": "application/json",
    "Vary": "Accept, Cookie",
    "Allow": "POST, OPTIONS",
    "X-Frame-Options": "SAMEORIGIN",
    "Content-Length": "109"
}
cookies  : {}
encoding : utf-8
content_type : application/json
body     : {
    "code": 0,
    "msg": "login success!",
    "username": "test",
    "token": "baebcffec91eea7f707fcbcd4b5f068f479e019d"
}

2021-08-17 19:16:33.399 | INFO     | httprunner.client:request:218 - status_code: 200, response_time(ms): 182.94 ms, response_length: 0 bytes
2021-08-17 19:16:33.399 | INFO     | httprunner.response:extract:176 - extract mapping: {'token': 'baebcffec91eea7f707fcbcd4b5f068f479e019d'}
2021-08-17 19:16:33.400 | INFO     | httprunner.response:validate:246 - assert status_code equal 200(int)	==> pass
2021-08-17 19:16:33.400 | INFO     | httprunner.response:validate:246 - assert body.code equal 0(int)	==> pass
2021-08-17 19:16:33.400 | INFO     | httprunner.response:validate:246 - assert body.msg equal login success!(str)	==> pass
2021-08-17 19:16:33.400 | INFO     | httprunner.runner:__run_step:304 - run step end: step-login <<<<<<

2021-08-17 19:16:33.401 | INFO     | httprunner.runner:__run_step_testcase:286 - export variables: {'token': 'baebcffec91eea7f707fcbcd4b5f068f479e019d'}
2021-08-17 19:16:33.401 | INFO     | httprunner.runner:__run_step:304 - run step end: step1-login <<<<<<

2021-08-17 19:16:33.401 | INFO     | httprunner.runner:__run_step:292 - run step begin: step2-info >>>>>>
2021-08-17 19:16:33.438 | DEBUG    | httprunner.client:request:186 - client IP: 192.168.1.125, Port: 24146
2021-08-17 19:16:33.438 | DEBUG    | httprunner.client:request:194 - server IP: 49.235.92.12, Port: 8201
2021-08-17 19:16:33.439 | DEBUG    | httprunner.client:log_print:40 - 
================== request details ==================
method   : GET
url      : http://49.235.92.12:8201/api/v1/userinfo
headers  : {
    "User-Agent": "python-requests/2.26.0",
    "Accept-Encoding": "gzip, deflate",
    "Accept": "*/*",
    "Connection": "keep-alive",
    "Authorization": "Token baebcffec91eea7f707fcbcd4b5f068f479e019d",
    "HRUN-Request-ID": "HRUN-a2bfd1f8-dd1c-41a8-a752-91ae7868a231-993401"
}
cookies  : {}
body     : None

2021-08-17 19:16:33.439 | DEBUG    | httprunner.client:log_print:40 - 
================== response details ==================
status_code : 200
headers  : {
    "Date": "Tue, 17 Aug 2021 11:16:33 GMT",
    "Server": "WSGIServer/0.2 CPython/3.6.8",
    "Content-Type": "application/json",
    "Vary": "Accept",
    "Allow": "GET, POST, HEAD, OPTIONS",
    "X-Frame-Options": "SAMEORIGIN",
    "Content-Length": "125"
}
cookies  : {}
encoding : utf-8
content_type : application/json
body     : {
    "msg": "success!",
    "code": 0,
    "data": [
        {
            "id": 1,
            "name": "test",
            "sex": "F",
            "age": 20,
            "mail": "123@qq.com",
            "create_time": "2021-08-17"
        }
    ]
}

2021-08-17 19:16:33.440 | INFO     | httprunner.client:request:218 - status_code: 200, response_time(ms): 36.87 ms, response_length: 0 bytes
2021-08-17 19:16:33.440 | INFO     | httprunner.response:validate:246 - assert body.code equal 0(int)	==> pass
2021-08-17 19:16:33.440 | INFO     | httprunner.runner:__run_step:304 - run step end: step2-info <<<<<<

