2021-07-22 19:59:06.666 | INFO     | httprunner.runner:test_start:451 - Start to run testcase: ÓÃÀıÃèÊö-µÇÂ¼ÓÃÀı, TestCase ID: a3d19a2c-8c72-443d-aa19-40d8cb7de0d7
2021-07-22 19:59:06.668 | INFO     | httprunner.runner:__run_step:292 - run step begin: step-µÇÂ¼ >>>>>>
2021-07-22 19:59:06.814 | DEBUG    | httprunner.client:request:186 - client IP: 192.168.1.125, Port: 12873
2021-07-22 19:59:06.815 | DEBUG    | httprunner.client:request:194 - server IP: 49.235.92.12, Port: 8201
2021-07-22 19:59:06.815 | DEBUG    | httprunner.client:log_print:40 - 
================== request details ==================
method   : POST
url      : http://49.235.92.12:8201/api/v1/login
headers  : {
    "User-Agent": "python-requests/2.25.1",
    "Accept-Encoding": "gzip, deflate",
    "Accept": "*/*",
    "Connection": "keep-alive",
    "HRUN-Request-ID": "HRUN-a3d19a2c-8c72-443d-aa19-40d8cb7de0d7-146670",
    "Content-Length": "43",
    "Content-Type": "application/json"
}
cookies  : {}
body     : {
    "username": "test1",
    "password": "123456"
}

2021-07-22 19:59:06.817 | DEBUG    | httprunner.client:log_print:40 - 
================== response details ==================
status_code : 200
headers  : {
    "Date": "Thu, 22 Jul 2021 11:59:06 GMT",
    "Server": "WSGIServer/0.2 CPython/3.6.8",
    "Content-Type": "application/json",
    "Vary": "Accept, Cookie",
    "Allow": "POST, OPTIONS",
    "X-Frame-Options": "SAMEORIGIN",
    "Content-Length": "110"
}
cookies  : {}
encoding : utf-8
content_type : application/json
body     : {
    "code": 0,
    "msg": "login success!",
    "username": "test1",
    "token": "e19457e2c0ded968825299b551b4bd58d306a167"
}

2021-07-22 19:59:06.818 | INFO     | httprunner.client:request:218 - status_code: 200, response_time(ms): 143.91 ms, response_length: 0 bytes
2021-07-22 19:59:06.818 | INFO     | httprunner.response:validate:246 - assert status_code equal 200(int)	==> pass
2021-07-22 19:59:06.818 | INFO     | httprunner.response:validate:246 - assert body.msg equal login success!(str)	==> pass
2021-07-22 19:59:06.818 | INFO     | httprunner.response:validate:246 - assert body.code equal 0(int)	==> pass
2021-07-22 19:59:06.819 | INFO     | httprunner.response:validate:246 - assert body.username equal test1(str)	==> pass
2021-07-22 19:59:06.819 | INFO     | httprunner.response:validate:246 - assert body.token length_equal 40(int)	==> pass
2021-07-22 19:59:06.820 | INFO     | httprunner.runner:__run_step:304 - run step end: step-µÇÂ¼ <<<<<<

