2021-07-22 08:32:50.535 | INFO     | httprunner.runner:test_start:451 - Start to run testcase: ÓÃÀıÃèÊö-µÇÂ¼ÓÃÀı, TestCase ID: ab873f6d-3199-41fb-9921-bbbf6e22e2a3
2021-07-22 08:32:50.537 | INFO     | httprunner.runner:__run_step:292 - run step begin: step-µÇÂ¼ >>>>>>
2021-07-22 08:32:50.714 | DEBUG    | httprunner.client:request:186 - client IP: 192.168.1.125, Port: 1076
2021-07-22 08:32:50.714 | DEBUG    | httprunner.client:request:194 - server IP: 49.235.92.12, Port: 8201
2021-07-22 08:32:50.714 | DEBUG    | httprunner.client:log_print:40 - 
================== request details ==================
method   : POST
url      : http://49.235.92.12:8201/api/v1/login
headers  : {
    "User-Agent": "python-requests/2.25.1",
    "Accept-Encoding": "gzip, deflate",
    "Accept": "*/*",
    "Connection": "keep-alive",
    "HRUN-Request-ID": "HRUN-ab873f6d-3199-41fb-9921-bbbf6e22e2a3-970538",
    "Content-Length": "42",
    "Content-Type": "application/json"
}
cookies  : {}
body     : {
    "username": "test",
    "password": "123456"
}

2021-07-22 08:32:50.715 | DEBUG    | httprunner.client:log_print:40 - 
================== response details ==================
status_code : 200
headers  : {
    "Date": "Thu, 22 Jul 2021 00:32:49 GMT",
    "Server": "WSGIServer/0.2 CPython/3.6.8",
    "Content-Type": "application/json",
    "Vary": "Accept, Cookie",
    "Allow": "POST, OPTIONS",
    "X-Frame-Options": "SAMEORIGIN",
    "Content-Length": "109"
}
cookies  : {}
encoding : utf-8
content_type : application/json
body     : {
    "code": 0,
    "msg": "login success!",
    "username": "test",
    "token": "fafe7ea9f922127b6f77a53b0b35165fd4000fda"
}

2021-07-22 08:32:50.716 | INFO     | httprunner.client:request:218 - status_code: 200, response_time(ms): 175.69 ms, response_length: 0 bytes
2021-07-22 08:32:50.716 | INFO     | httprunner.response:extract:176 - extract mapping: {'token': 'fafe7ea9f922127b6f77a53b0b35165fd4000fda'}
2021-07-22 08:32:50.716 | INFO     | httprunner.response:validate:246 - assert status_code equal 200(int)	==> pass
2021-07-22 08:32:50.716 | INFO     | httprunner.response:validate:246 - assert body.msg equal login success!(str)	==> pass
2021-07-22 08:32:50.717 | INFO     | httprunner.response:validate:246 - assert body.code equal 0(int)	==> pass
2021-07-22 08:32:50.717 | INFO     | httprunner.runner:__run_step:304 - run step end: step-µÇÂ¼ <<<<<<

