2021-08-17 18:41:29.057 | INFO     | httprunner.runner:test_start:451 - Start to run testcase: ÓÃÀıµÄÃèÊö, TestCase ID: ab8991e0-59cf-459d-99ec-802a6bad7a81
2021-08-17 18:41:29.059 | INFO     | httprunner.runner:__run_step:292 - run step begin: step-login >>>>>>
2021-08-17 18:41:29.222 | DEBUG    | httprunner.client:request:186 - client IP: 192.168.1.125, Port: 21980
2021-08-17 18:41:29.224 | DEBUG    | httprunner.client:request:194 - server IP: 49.235.92.12, Port: 8201
2021-08-17 18:41:29.226 | DEBUG    | httprunner.client:log_print:40 - 
================== request details ==================
method   : POST
url      : http://49.235.92.12:8201/api/v1/login
headers  : {
    "User-Agent": "python-requests/2.26.0",
    "Accept-Encoding": "gzip, deflate",
    "Accept": "*/*",
    "Connection": "keep-alive",
    "HRUN-Request-ID": "HRUN-ab8991e0-59cf-459d-99ec-802a6bad7a81-889060",
    "Content-Length": "42",
    "Content-Type": "application/json"
}
cookies  : {}
body     : {
    "username": "test",
    "password": "123456"
}

2021-08-17 18:41:29.228 | DEBUG    | httprunner.client:log_print:40 - 
================== response details ==================
status_code : 200
headers  : {
    "Date": "Tue, 17 Aug 2021 10:41:29 GMT",
    "Server": "WSGIServer/0.2 CPython/3.6.8",
    "Content-Type": "application/json",
    "Vary": "Accept, Cookie",
    "Allow": "POST, OPTIONS",
    "X-Frame-Options": "SAMEORIGIN",
    "Content-Length": "109"
}
cookies  : {}
encoding : utf-8
content_type : application/json
body     : {
    "code": 0,
    "msg": "login success!",
    "username": "test",
    "token": "0f80faee21b21f027644510eb328ec61cc8bdc60"
}

2021-08-17 18:41:29.238 | INFO     | httprunner.client:request:218 - status_code: 200, response_time(ms): 162.12 ms, response_length: 0 bytes
2021-08-17 18:41:29.243 | INFO     | httprunner.response:extract:176 - extract mapping: {'token': '0f80faee21b21f027644510eb328ec61cc8bdc60'}
2021-08-17 18:41:29.244 | INFO     | httprunner.response:validate:246 - assert status_code equal 200(int)	==> pass
2021-08-17 18:41:29.252 | INFO     | httprunner.response:validate:246 - assert body.code equal 0(int)	==> pass
2021-08-17 18:41:29.255 | INFO     | httprunner.response:validate:246 - assert body.msg equal login success!(str)	==> pass
2021-08-17 18:41:29.267 | INFO     | httprunner.runner:__run_step:304 - run step end: step-login <<<<<<

