2021-08-17 19:26:56.206 | INFO     | httprunner.runner:test_start:451 - Start to run testcase: case, TestCase ID: b205e61b-b2d6-4a06-bc73-0d3461364c1b
2021-08-17 19:26:56.208 | INFO     | httprunner.runner:__run_step:292 - run step begin: step1-login >>>>>>
2021-08-17 19:26:56.209 | INFO     | httprunner.runner:__run_step:292 - run step begin: step-login >>>>>>
2021-08-17 19:26:56.382 | DEBUG    | httprunner.client:request:186 - client IP: 192.168.1.125, Port: 24622
2021-08-17 19:26:56.385 | DEBUG    | httprunner.client:request:194 - server IP: 49.235.92.12, Port: 8201
2021-08-17 19:26:56.387 | DEBUG    | httprunner.client:log_print:40 - 
================== request details ==================
method   : POST
url      : http://49.235.92.12:8201/api/v1/login
headers  : {
    "User-Agent": "python-requests/2.26.0",
    "Accept-Encoding": "gzip, deflate",
    "Accept": "*/*",
    "Connection": "keep-alive",
    "HRUN-Request-ID": "HRUN-b205e61b-b2d6-4a06-bc73-0d3461364c1b-616212",
    "Content-Length": "42",
    "Content-Type": "application/json"
}
cookies  : {}
body     : {
    "username": "test",
    "password": "123456"
}

2021-08-17 19:26:56.389 | DEBUG    | httprunner.client:log_print:40 - 
================== response details ==================
status_code : 200
headers  : {
    "Date": "Tue, 17 Aug 2021 11:26:56 GMT",
    "Server": "WSGIServer/0.2 CPython/3.6.8",
    "Content-Type": "application/json",
    "Vary": "Accept, Cookie",
    "Allow": "POST, OPTIONS",
    "X-Frame-Options": "SAMEORIGIN",
    "Content-Length": "109"
}
cookies  : {}
encoding : utf-8
content_type : application/json
body     : {
    "code": 0,
    "msg": "login success!",
    "username": "test",
    "token": "784f21df1d6f01afb1e4990cfdcd174e7eaa84a8"
}

2021-08-17 19:26:56.390 | INFO     | httprunner.client:request:218 - status_code: 200, response_time(ms): 170.23 ms, response_length: 0 bytes
2021-08-17 19:26:56.391 | INFO     | httprunner.response:extract:176 - extract mapping: {'token': '784f21df1d6f01afb1e4990cfdcd174e7eaa84a8'}
2021-08-17 19:26:56.391 | INFO     | httprunner.response:validate:246 - assert status_code equal 200(int)	==> pass
2021-08-17 19:26:56.396 | INFO     | httprunner.response:validate:246 - assert body.code equal 0(int)	==> pass
2021-08-17 19:26:56.398 | INFO     | httprunner.runner:__run_step:304 - run step end: step-login <<<<<<

2021-08-17 19:26:56.399 | INFO     | httprunner.runner:__run_step_testcase:286 - export variables: {'token': '784f21df1d6f01afb1e4990cfdcd174e7eaa84a8'}
2021-08-17 19:26:56.400 | INFO     | httprunner.runner:__run_step:304 - run step end: step1-login <<<<<<

2021-08-17 19:26:56.402 | INFO     | httprunner.runner:__run_step:292 - run step begin: step2-info >>>>>>
2021-08-17 19:26:56.471 | DEBUG    | httprunner.client:request:186 - client IP: 192.168.1.125, Port: 24623
2021-08-17 19:26:56.473 | DEBUG    | httprunner.client:request:194 - server IP: 49.235.92.12, Port: 8201
2021-08-17 19:26:56.474 | DEBUG    | httprunner.client:log_print:40 - 
================== request details ==================
method   : GET
url      : http://49.235.92.12:8201/api/v1/userinfo
headers  : {
    "User-Agent": "python-requests/2.26.0",
    "Accept-Encoding": "gzip, deflate",
    "Accept": "*/*",
    "Connection": "keep-alive",
    "Authorization": "Token 784f21df1d6f01afb1e4990cfdcd174e7eaa84a8",
    "HRUN-Request-ID": "HRUN-b205e61b-b2d6-4a06-bc73-0d3461364c1b-616403"
}
cookies  : {}
body     : None

2021-08-17 19:26:56.475 | DEBUG    | httprunner.client:log_print:40 - 
================== response details ==================
status_code : 200
headers  : {
    "Date": "Tue, 17 Aug 2021 11:26:56 GMT",
    "Server": "WSGIServer/0.2 CPython/3.6.8",
    "Content-Type": "application/json",
    "Vary": "Accept",
    "Allow": "GET, POST, HEAD, OPTIONS",
    "X-Frame-Options": "SAMEORIGIN",
    "Content-Length": "125"
}
cookies  : {}
encoding : utf-8
content_type : application/json
body     : {
    "msg": "success!",
    "code": 0,
    "data": [
        {
            "id": 1,
            "name": "test",
            "sex": "F",
            "age": 20,
            "mail": "123@qq.com",
            "create_time": "2021-08-17"
        }
    ]
}

2021-08-17 19:26:56.476 | INFO     | httprunner.client:request:218 - status_code: 200, response_time(ms): 67.29 ms, response_length: 0 bytes
2021-08-17 19:26:56.477 | INFO     | httprunner.response:validate:246 - assert body.code equal 0(int)	==> pass
2021-08-17 19:26:56.478 | INFO     | httprunner.runner:__run_step:304 - run step end: step2-info <<<<<<

