2021-08-17 18:43:25.179 | INFO     | httprunner.runner:test_start:451 - Start to run testcase: ÓÃÀıµÄÃèÊö, TestCase ID: b685329f-c233-473a-98f5-e54aef139705
2021-08-17 18:43:25.184 | INFO     | httprunner.runner:__run_step:292 - run step begin: step-login >>>>>>
2021-08-17 18:43:25.370 | DEBUG    | httprunner.client:request:186 - client IP: 192.168.1.125, Port: 22059
2021-08-17 18:43:25.372 | DEBUG    | httprunner.client:request:194 - server IP: 49.235.92.12, Port: 8201
2021-08-17 18:43:25.373 | DEBUG    | httprunner.client:log_print:40 - 
================== request details ==================
method   : POST
url      : http://49.235.92.12:8201/api/v1/login
headers  : {
    "User-Agent": "python-requests/2.26.0",
    "Accept-Encoding": "gzip, deflate",
    "Accept": "*/*",
    "Connection": "keep-alive",
    "HRUN-Request-ID": "HRUN-b685329f-c233-473a-98f5-e54aef139705-005188",
    "Content-Length": "42",
    "Content-Type": "application/json"
}
cookies  : {}
body     : {
    "username": "test",
    "password": "123456"
}

2021-08-17 18:43:25.376 | DEBUG    | httprunner.client:log_print:40 - 
================== response details ==================
status_code : 200
headers  : {
    "Date": "Tue, 17 Aug 2021 10:43:25 GMT",
    "Server": "WSGIServer/0.2 CPython/3.6.8",
    "Content-Type": "application/json",
    "Vary": "Accept, Cookie",
    "Allow": "POST, OPTIONS",
    "X-Frame-Options": "SAMEORIGIN",
    "Content-Length": "109"
}
cookies  : {}
encoding : utf-8
content_type : application/json
body     : {
    "code": 0,
    "msg": "login success!",
    "username": "test",
    "token": "37a4e3626cb9a522fd65da84ccdb09fbb6ed0f2a"
}

2021-08-17 18:43:25.377 | INFO     | httprunner.client:request:218 - status_code: 200, response_time(ms): 182.38 ms, response_length: 0 bytes
2021-08-17 18:43:25.386 | INFO     | httprunner.response:extract:176 - extract mapping: {'token': '37a4e3626cb9a522fd65da84ccdb09fbb6ed0f2a'}
2021-08-17 18:43:25.390 | INFO     | httprunner.response:validate:246 - assert status_code equal 200(int)	==> pass
2021-08-17 18:43:25.393 | INFO     | httprunner.response:validate:246 - assert body.code equal 0(int)	==> pass
2021-08-17 18:43:25.396 | INFO     | httprunner.response:validate:246 - assert body.msg equal login success!(str)	==> pass
2021-08-17 18:43:25.403 | INFO     | httprunner.response:validate:246 - assert headers."Content-Type" equal application/json(str)	==> pass
2021-08-17 18:43:25.409 | INFO     | httprunner.runner:__run_step:304 - run step end: step-login <<<<<<

