2021-08-17 19:16:58.057 | INFO     | httprunner.runner:test_start:451 - Start to run testcase: ÓÃÀıµÄÃèÊö, TestCase ID: cc2e75af-c369-4707-b058-1ba494ece9d9
2021-08-17 19:16:58.059 | INFO     | httprunner.runner:__run_step:292 - run step begin: step-login >>>>>>
2021-08-17 19:16:58.205 | DEBUG    | httprunner.client:request:186 - client IP: 192.168.1.125, Port: 24172
2021-08-17 19:16:58.207 | DEBUG    | httprunner.client:request:194 - server IP: 49.235.92.12, Port: 8201
2021-08-17 19:16:58.208 | DEBUG    | httprunner.client:log_print:40 - 
================== request details ==================
method   : POST
url      : http://49.235.92.12:8201/api/v4/login
headers  : {
    "User-Agent": "python-requests/2.26.0",
    "Accept-Encoding": "gzip, deflate",
    "Accept": "*/*",
    "Connection": "keep-alive",
    "HRUN-Request-ID": "HRUN-cc2e75af-c369-4707-b058-1ba494ece9d9-018060",
    "Content-Length": "29",
    "Content-Type": "application/x-www-form-urlencoded"
}
cookies  : {}
body     : username=test&password=123456

2021-08-17 19:16:58.210 | DEBUG    | httprunner.client:log_print:40 - 
================== response details ==================
status_code : 200
headers  : {
    "Date": "Tue, 17 Aug 2021 11:16:58 GMT",
    "Server": "WSGIServer/0.2 CPython/3.6.8",
    "Content-Type": "application/json",
    "Vary": "Accept, Cookie",
    "Allow": "POST, OPTIONS",
    "X-Frame-Options": "SAMEORIGIN",
    "Content-Length": "109"
}
cookies  : {}
encoding : utf-8
content_type : application/json
body     : {
    "code": 0,
    "msg": "login success!",
    "username": "test",
    "token": "3e146fb09d6fe6b7ad28f13dcef363d093db0e67"
}

2021-08-17 19:16:58.211 | INFO     | httprunner.client:request:218 - status_code: 200, response_time(ms): 145.21 ms, response_length: 0 bytes
2021-08-17 19:16:58.212 | INFO     | httprunner.response:extract:176 - extract mapping: {'token': '3e146fb09d6fe6b7ad28f13dcef363d093db0e67'}
2021-08-17 19:16:58.214 | INFO     | httprunner.response:validate:246 - assert status_code equal 200(int)	==> pass
2021-08-17 19:16:58.216 | INFO     | httprunner.response:validate:246 - assert body.code equal 0(int)	==> pass
2021-08-17 19:16:58.218 | INFO     | httprunner.response:validate:246 - assert body.msg equal login success!(str)	==> pass
2021-08-17 19:16:58.220 | INFO     | httprunner.runner:__run_step:304 - run step end: step-login <<<<<<

