2021-08-17 18:13:05.838 | INFO     | httprunner.runner:test_start:451 - Start to run testcase: ÓÃÀýµÄÃèÊö, TestCase ID: ce68bfec-efcd-45ab-86f0-f668ff273429
2021-08-17 18:13:05.854 | INFO     | httprunner.runner:__run_step:292 - run step begin: step-login >>>>>>
2021-08-17 18:13:06.052 | DEBUG    | httprunner.client:request:186 - client IP: 192.168.1.125, Port: 6635
2021-08-17 18:13:06.054 | DEBUG    | httprunner.client:request:194 - server IP: 49.235.92.12, Port: 8201
2021-08-17 18:13:06.057 | DEBUG    | httprunner.client:log_print:40 - 
================== request details ==================
method   : POST
url      : http://49.235.92.12:8201/api/v1/login
headers  : {
    "User-Agent": "python-requests/2.26.0",
    "Accept-Encoding": "gzip, deflate",
    "Accept": "*/*",
    "Connection": "keep-alive",
    "HRUN-Request-ID": "HRUN-ce68bfec-efcd-45ab-86f0-f668ff273429-185856",
    "Content-Length": "42",
    "Content-Type": "application/json"
}
cookies  : {}
body     : {
    "username": "test",
    "password": "123456"
}

2021-08-17 18:13:06.061 | DEBUG    | httprunner.client:log_print:40 - 
================== response details ==================
status_code : 200
headers  : {
    "Date": "Tue, 17 Aug 2021 10:13:06 GMT",
    "Server": "WSGIServer/0.2 CPython/3.6.8",
    "Content-Type": "application/json",
    "Vary": "Accept, Cookie",
    "Allow": "POST, OPTIONS",
    "X-Frame-Options": "SAMEORIGIN",
    "Content-Length": "109"
}
cookies  : {}
encoding : utf-8
content_type : application/json
body     : {
    "code": 0,
    "msg": "login success!",
    "username": "test",
    "token": "76af809a1b049f87b2f29d26f8914591d297c63d"
}

2021-08-17 18:13:06.062 | INFO     | httprunner.client:request:218 - status_code: 200, response_time(ms): 195.45 ms, response_length: 0 bytes
2021-08-17 18:13:06.063 | INFO     | httprunner.response:extract:176 - extract mapping: {'token': '76af809a1b049f87b2f29d26f8914591d297c63d'}
2021-08-17 18:13:06.064 | INFO     | httprunner.response:validate:246 - assert status_code equal 200(int)	==> pass
2021-08-17 18:13:06.064 | INFO     | httprunner.response:validate:246 - assert body.code equal 0(int)	==> pass
2021-08-17 18:13:06.066 | INFO     | httprunner.response:validate:246 - assert body.msg equal login success!(str)	==> pass
2021-08-17 18:13:06.069 | ERROR    | httprunner.response:validate:263 - assert json.code equal 0(int)	==> fail
check_item: json.code
check_value: None(NoneType)
assert_method: equal
expect_value: 0(int)
2021-08-17 18:13:06.070 | ERROR    | httprunner.response:validate:263 - assert content.code equal 0(int)	==> fail
check_item: content.code
check_value: None(NoneType)
assert_method: equal
expect_value: 0(int)
2021-08-17 18:13:06.071 | ERROR    | httprunner.runner:log_req_resp_details:194 - 
******************************** DETAILED REQUEST & RESPONSE ********************************
====== request details ======
url: http://49.235.92.12:8201/api/v1/login
method: POST
headers: {'HRUN-Request-ID': 'HRUN-ce68bfec-efcd-45ab-86f0-f668ff273429-185856'}
params: {}
data: None
cookies: {}
timeout: 120
allow_redirects: True
verify: False
json: {'username': 'test', 'password': '123456'}

====== response details ======
status_code: 200
headers: {'Date': 'Tue, 17 Aug 2021 10:13:06 GMT', 'Server': 'WSGIServer/0.2 CPython/3.6.8', 'Content-Type': 'application/json', 'Vary': 'Accept, Cookie', 'Allow': 'POST, OPTIONS', 'X-Frame-Options': 'SAMEORIGIN', 'Content-Length': '109'}
body: '{"code": 0, "msg": "login success!", "username": "test", "token": "76af809a1b049f87b2f29d26f8914591d297c63d"}'

