2021-08-17 18:28:17.258 | INFO     | httprunner.runner:test_start:451 - Start to run testcase: ÓÃÀıµÄÃèÊö, TestCase ID: cef97020-7a19-428e-b2d6-d8aa809d448a
2021-08-17 18:28:17.260 | INFO     | httprunner.runner:__run_step:292 - run step begin: step-login >>>>>>
2021-08-17 18:28:17.424 | DEBUG    | httprunner.client:request:186 - client IP: 192.168.1.125, Port: 1047
2021-08-17 18:28:17.424 | DEBUG    | httprunner.client:request:194 - server IP: 49.235.92.12, Port: 8201
2021-08-17 18:28:17.426 | DEBUG    | httprunner.client:log_print:40 - 
================== request details ==================
method   : POST
url      : http://49.235.92.12:8201/api/v1/login
headers  : {
    "User-Agent": "python-requests/2.26.0",
    "Accept-Encoding": "gzip, deflate",
    "Accept": "*/*",
    "Connection": "keep-alive",
    "HRUN-Request-ID": "HRUN-cef97020-7a19-428e-b2d6-d8aa809d448a-097261",
    "Content-Length": "42",
    "Content-Type": "application/json"
}
cookies  : {}
body     : {
    "username": "test",
    "password": "123456"
}

2021-08-17 18:28:17.427 | DEBUG    | httprunner.client:log_print:40 - 
================== response details ==================
status_code : 200
headers  : {
    "Date": "Tue, 17 Aug 2021 10:28:17 GMT",
    "Server": "WSGIServer/0.2 CPython/3.6.8",
    "Content-Type": "application/json",
    "Vary": "Accept, Cookie",
    "Allow": "POST, OPTIONS",
    "X-Frame-Options": "SAMEORIGIN",
    "Content-Length": "109"
}
cookies  : {}
encoding : utf-8
content_type : application/json
body     : {
    "code": 0,
    "msg": "login success!",
    "username": "test",
    "token": "f5fbf18cdd79bb89db9b3501e0749857b8d12569"
}

2021-08-17 18:28:17.427 | INFO     | httprunner.client:request:218 - status_code: 200, response_time(ms): 162.9 ms, response_length: 0 bytes
2021-08-17 18:28:17.427 | INFO     | httprunner.response:extract:176 - extract mapping: {'token': 'f5fbf18cdd79bb89db9b3501e0749857b8d12569'}
2021-08-17 18:28:17.427 | INFO     | httprunner.response:validate:246 - assert status_code equal 200(int)	==> pass
2021-08-17 18:28:17.427 | INFO     | httprunner.response:validate:246 - assert body.code equal 0(int)	==> pass
2021-08-17 18:28:17.428 | INFO     | httprunner.response:validate:246 - assert body.msg equal login success!(str)	==> pass
2021-08-17 18:28:17.428 | INFO     | httprunner.response:validate:246 - assert headers."Content-Type" equal application/json(str)	==> pass
2021-08-17 18:28:17.428 | INFO     | httprunner.runner:__run_step:304 - run step end: step-login <<<<<<

