2021-08-17 19:26:56.490 | INFO     | httprunner.runner:test_start:451 - Start to run testcase: ÓÃÀıµÄÃèÊö, TestCase ID: e0f7ae2a-0b14-4e6e-9ef5-1097721aa125
2021-08-17 19:26:56.493 | INFO     | httprunner.runner:__run_step:292 - run step begin: step-login >>>>>>
2021-08-17 19:26:56.658 | DEBUG    | httprunner.client:request:186 - client IP: 192.168.1.125, Port: 24624
2021-08-17 19:26:56.659 | DEBUG    | httprunner.client:request:194 - server IP: 49.235.92.12, Port: 8201
2021-08-17 19:26:56.660 | DEBUG    | httprunner.client:log_print:40 - 
================== request details ==================
method   : POST
url      : http://49.235.92.12:8201/api/v1/login
headers  : {
    "User-Agent": "python-requests/2.26.0",
    "Accept-Encoding": "gzip, deflate",
    "Accept": "*/*",
    "Connection": "keep-alive",
    "HRUN-Request-ID": "HRUN-e0f7ae2a-0b14-4e6e-9ef5-1097721aa125-616495",
    "Content-Length": "42",
    "Content-Type": "application/json"
}
cookies  : {}
body     : {
    "username": "test",
    "password": "123456"
}

2021-08-17 19:26:56.662 | DEBUG    | httprunner.client:log_print:40 - 
================== response details ==================
status_code : 200
headers  : {
    "Date": "Tue, 17 Aug 2021 11:26:56 GMT",
    "Server": "WSGIServer/0.2 CPython/3.6.8",
    "Content-Type": "application/json",
    "Vary": "Accept, Cookie",
    "Allow": "POST, OPTIONS",
    "X-Frame-Options": "SAMEORIGIN",
    "Content-Length": "109"
}
cookies  : {}
encoding : utf-8
content_type : application/json
body     : {
    "code": 0,
    "msg": "login success!",
    "username": "test",
    "token": "a6f9a3ccae7eb6678676527db4dd401e29f87fc8"
}

2021-08-17 19:26:56.665 | INFO     | httprunner.client:request:218 - status_code: 200, response_time(ms): 163.02 ms, response_length: 0 bytes
2021-08-17 19:26:56.667 | INFO     | httprunner.response:extract:176 - extract mapping: {'token': 'a6f9a3ccae7eb6678676527db4dd401e29f87fc8'}
2021-08-17 19:26:56.668 | INFO     | httprunner.response:validate:246 - assert status_code equal 200(int)	==> pass
2021-08-17 19:26:56.670 | INFO     | httprunner.response:validate:246 - assert body.code equal 0(int)	==> pass
2021-08-17 19:26:56.675 | INFO     | httprunner.runner:__run_step:304 - run step end: step-login <<<<<<

