2021-07-21 00:20:47.088 | INFO     | httprunner.runner:test_start:451 - Start to run testcase: 上传文件, TestCase ID: e1fdd4ff-95c0-45eb-ba89-47827071d329
2021-07-21 00:20:47.094 | INFO     | httprunner.runner:__run_step:292 - run step begin: step-上传文件 >>>>>>
2021-07-21 00:20:47.162 | DEBUG    | httprunner.client:request:186 - client IP: 192.168.1.125, Port: 17083
2021-07-21 00:20:47.163 | DEBUG    | httprunner.client:request:194 - server IP: 49.235.92.12, Port: 8201
2021-07-21 00:20:47.164 | DEBUG    | httprunner.client:log_print:40 - 
================== request details ==================
method   : POST
url      : http://49.235.92.12:8201/api/v1/upfile/
headers  : {
    "User-Agent": "python-requests/2.25.1",
    "Accept-Encoding": "gzip, deflate",
    "Accept": "*/*",
    "Connection": "keep-alive",
    "Content-Type": "multipart/form-data; boundary=fcd3c2d6dfee418bab0eaf36671cb3e0",
    "HRUN-Request-ID": "HRUN-e1fdd4ff-95c0-45eb-ba89-47827071d329-047097",
    "Content-Length": "39337"
}
cookies  : {}
body     : upload file stream (OMITTED)

2021-07-21 00:20:47.166 | DEBUG    | httprunner.client:log_print:40 - 
================== response details ==================
status_code : 200
headers  : {
    "Date": "Wed, 21 Jul 2021 04:21:02 GMT",
    "Server": "WSGIServer/0.2 CPython/3.6.8",
    "Content-Type": "application/json",
    "Vary": "Accept, Cookie",
    "Allow": "POST, OPTIONS",
    "X-Frame-Options": "SAMEORIGIN",
    "Content-Length": "138"
}
cookies  : {}
encoding : utf-8
content_type : application/json
body     : {
    "code": 0,
    "msg": "success!",
    "data": {
        "file": "/media/up_image/part_0_zzTjWel.png",
        "title": "\u4e0a\u6d77-\u60a0\u60a0",
        "timestamp": "2021-07-21 12:21:02"
    }
}

2021-07-21 00:20:47.167 | INFO     | httprunner.client:request:218 - status_code: 200, response_time(ms): 64.83 ms, response_length: 0 bytes
2021-07-21 00:20:47.168 | INFO     | httprunner.response:validate:246 - assert status_code equal 200(int)	==> pass
2021-07-21 00:20:47.169 | INFO     | httprunner.response:validate:246 - assert body.code equal 0(int)	==> pass
2021-07-21 00:20:47.169 | INFO     | httprunner.response:validate:246 - assert body.msg equal success!(str)	==> pass
2021-07-21 00:20:47.170 | INFO     | httprunner.runner:__run_step:304 - run step end: step-上传文件 <<<<<<

