2021-08-17 19:16:57.826 | INFO     | httprunner.runner:test_start:451 - Start to run testcase: case, TestCase ID: ec8d2c7e-27b7-4ffc-a902-57d51ee20c00
2021-08-17 19:16:57.828 | INFO     | httprunner.runner:__run_step:292 - run step begin: step1-login >>>>>>
2021-08-17 19:16:57.830 | INFO     | httprunner.runner:__run_step:292 - run step begin: step-login >>>>>>
2021-08-17 19:16:57.987 | DEBUG    | httprunner.client:request:186 - client IP: 192.168.1.125, Port: 24170
2021-08-17 19:16:57.989 | DEBUG    | httprunner.client:request:194 - server IP: 49.235.92.12, Port: 8201
2021-08-17 19:16:57.990 | DEBUG    | httprunner.client:log_print:40 - 
================== request details ==================
method   : POST
url      : http://49.235.92.12:8201/api/v4/login
headers  : {
    "User-Agent": "python-requests/2.26.0",
    "Accept-Encoding": "gzip, deflate",
    "Accept": "*/*",
    "Connection": "keep-alive",
    "HRUN-Request-ID": "HRUN-ec8d2c7e-27b7-4ffc-a902-57d51ee20c00-017834",
    "Content-Length": "29",
    "Content-Type": "application/x-www-form-urlencoded"
}
cookies  : {}
body     : username=test&password=123456

2021-08-17 19:16:57.992 | DEBUG    | httprunner.client:log_print:40 - 
================== response details ==================
status_code : 200
headers  : {
    "Date": "Tue, 17 Aug 2021 11:16:58 GMT",
    "Server": "WSGIServer/0.2 CPython/3.6.8",
    "Content-Type": "application/json",
    "Vary": "Accept, Cookie",
    "Allow": "POST, OPTIONS",
    "X-Frame-Options": "SAMEORIGIN",
    "Content-Length": "109"
}
cookies  : {}
encoding : utf-8
content_type : application/json
body     : {
    "code": 0,
    "msg": "login success!",
    "username": "test",
    "token": "30e6da8d49e57c98b5b88cfaea5c7ec74962bb84"
}

2021-08-17 19:16:57.993 | INFO     | httprunner.client:request:218 - status_code: 200, response_time(ms): 152.95 ms, response_length: 0 bytes
2021-08-17 19:16:57.995 | INFO     | httprunner.response:extract:176 - extract mapping: {'token': '30e6da8d49e57c98b5b88cfaea5c7ec74962bb84'}
2021-08-17 19:16:57.997 | INFO     | httprunner.response:validate:246 - assert status_code equal 200(int)	==> pass
2021-08-17 19:16:57.999 | INFO     | httprunner.response:validate:246 - assert body.code equal 0(int)	==> pass
2021-08-17 19:16:58.001 | INFO     | httprunner.response:validate:246 - assert body.msg equal login success!(str)	==> pass
2021-08-17 19:16:58.002 | INFO     | httprunner.runner:__run_step:304 - run step end: step-login <<<<<<

2021-08-17 19:16:58.003 | INFO     | httprunner.runner:__run_step_testcase:286 - export variables: {'token': '30e6da8d49e57c98b5b88cfaea5c7ec74962bb84'}
2021-08-17 19:16:58.004 | INFO     | httprunner.runner:__run_step:304 - run step end: step1-login <<<<<<

2021-08-17 19:16:58.005 | INFO     | httprunner.runner:__run_step:292 - run step begin: step2-info >>>>>>
2021-08-17 19:16:58.037 | DEBUG    | httprunner.client:request:186 - client IP: 192.168.1.125, Port: 24171
2021-08-17 19:16:58.040 | DEBUG    | httprunner.client:request:194 - server IP: 49.235.92.12, Port: 8201
2021-08-17 19:16:58.041 | DEBUG    | httprunner.client:log_print:40 - 
================== request details ==================
method   : GET
url      : http://49.235.92.12:8201/api/v1/userinfo
headers  : {
    "User-Agent": "python-requests/2.26.0",
    "Accept-Encoding": "gzip, deflate",
    "Accept": "*/*",
    "Connection": "keep-alive",
    "Authorization": "Token 30e6da8d49e57c98b5b88cfaea5c7ec74962bb84",
    "HRUN-Request-ID": "HRUN-ec8d2c7e-27b7-4ffc-a902-57d51ee20c00-018006"
}
cookies  : {}
body     : None

2021-08-17 19:16:58.043 | DEBUG    | httprunner.client:log_print:40 - 
================== response details ==================
status_code : 200
headers  : {
    "Date": "Tue, 17 Aug 2021 11:16:58 GMT",
    "Server": "WSGIServer/0.2 CPython/3.6.8",
    "Content-Type": "application/json",
    "Vary": "Accept",
    "Allow": "GET, POST, HEAD, OPTIONS",
    "X-Frame-Options": "SAMEORIGIN",
    "Content-Length": "125"
}
cookies  : {}
encoding : utf-8
content_type : application/json
body     : {
    "msg": "success!",
    "code": 0,
    "data": [
        {
            "id": 1,
            "name": "test",
            "sex": "F",
            "age": 20,
            "mail": "123@qq.com",
            "create_time": "2021-08-17"
        }
    ]
}

2021-08-17 19:16:58.045 | INFO     | httprunner.client:request:218 - status_code: 200, response_time(ms): 29.9 ms, response_length: 0 bytes
2021-08-17 19:16:58.046 | INFO     | httprunner.response:validate:246 - assert body.code equal 0(int)	==> pass
2021-08-17 19:16:58.047 | INFO     | httprunner.runner:__run_step:304 - run step end: step2-info <<<<<<

