2021-08-17 18:21:52.531 | INFO     | httprunner.runner:test_start:451 - Start to run testcase: ÓÃÀýµÄÃèÊö, TestCase ID: f1873397-d327-4135-a912-8ca8e5ee210a
2021-08-17 18:21:52.535 | INFO     | httprunner.runner:__run_step:292 - run step begin: step-login >>>>>>
2021-08-17 18:21:52.684 | DEBUG    | httprunner.client:request:186 - client IP: 192.168.1.125, Port: 7095
2021-08-17 18:21:52.685 | DEBUG    | httprunner.client:request:194 - server IP: 49.235.92.12, Port: 8201
2021-08-17 18:21:52.686 | DEBUG    | httprunner.client:log_print:40 - 
================== request details ==================
method   : POST
url      : http://49.235.92.12:8201/api/v1/login
headers  : {
    "User-Agent": "python-requests/2.26.0",
    "Accept-Encoding": "gzip, deflate",
    "Accept": "*/*",
    "Connection": "keep-alive",
    "HRUN-Request-ID": "HRUN-f1873397-d327-4135-a912-8ca8e5ee210a-712537",
    "Content-Length": "42",
    "Content-Type": "application/json"
}
cookies  : {}
body     : {
    "username": "test",
    "password": "123456"
}

2021-08-17 18:21:52.687 | DEBUG    | httprunner.client:log_print:40 - 
================== response details ==================
status_code : 200
headers  : {
    "Date": "Tue, 17 Aug 2021 10:21:52 GMT",
    "Server": "WSGIServer/0.2 CPython/3.6.8",
    "Content-Type": "application/json",
    "Vary": "Accept, Cookie",
    "Allow": "POST, OPTIONS",
    "X-Frame-Options": "SAMEORIGIN",
    "Content-Length": "109"
}
cookies  : {}
encoding : utf-8
content_type : application/json
body     : {
    "code": 0,
    "msg": "login success!",
    "username": "test",
    "token": "f7a1d39fce0f82fa922dc41daf9d07fb23fb5662"
}

2021-08-17 18:21:52.688 | INFO     | httprunner.client:request:218 - status_code: 200, response_time(ms): 146.85 ms, response_length: 0 bytes
2021-08-17 18:21:52.688 | INFO     | httprunner.response:extract:176 - extract mapping: {'token': 'f7a1d39fce0f82fa922dc41daf9d07fb23fb5662'}
2021-08-17 18:21:52.688 | INFO     | httprunner.response:validate:246 - assert status_code equal 200(int)	==> pass
2021-08-17 18:21:52.688 | INFO     | httprunner.response:validate:246 - assert body.code equal 0(int)	==> pass
2021-08-17 18:21:52.689 | INFO     | httprunner.response:validate:246 - assert body.msg equal login success!(str)	==> pass
2021-08-17 18:21:52.689 | ERROR    | httprunner.response:_search_jmespath:158 - failed to search with jmespath
expression: headers.Content-Type
data: {'status_code': 200, 'headers': {'Date': 'Tue, 17 Aug 2021 10:21:52 GMT', 'Server': 'WSGIServer/0.2 CPython/3.6.8', 'Content-Type': 'application/json', 'Vary': 'Accept, Cookie', 'Allow': 'POST, OPTIONS', 'X-Frame-Options': 'SAMEORIGIN', 'Content-Length': '109'}, 'cookies': {}, 'body': {'code': 0, 'msg': 'login success!', 'username': 'test', 'token': 'f7a1d39fce0f82fa922dc41daf9d07fb23fb5662'}}
exception: Bad jmespath expression: Unknown token '-':
headers.Content-Type
               ^
