2021-08-17 17:25:03.175 | INFO     | httprunner.runner:test_start:451 - Start to run testcase: µÇÂ¼v4ÓÃÀı, TestCase ID: fa40be05-df36-4552-a4cb-76b59e4e7599
2021-08-17 17:25:03.177 | INFO     | httprunner.runner:__run_step:292 - run step begin: step-v4 login >>>>>>
2021-08-17 17:25:03.356 | DEBUG    | httprunner.client:request:186 - client IP: 192.168.1.125, Port: 7005
2021-08-17 17:25:03.357 | DEBUG    | httprunner.client:request:194 - server IP: 49.235.92.12, Port: 8201
2021-08-17 17:25:03.359 | DEBUG    | httprunner.client:log_print:40 - 
================== request details ==================
method   : POST
url      : http://49.235.92.12:8201/api/v4/login
headers  : {
    "User-Agent": "python-requests/2.26.0",
    "Accept-Encoding": "gzip, deflate",
    "Accept": "*/*",
    "Connection": "keep-alive",
    "HRUN-Request-ID": "HRUN-fa40be05-df36-4552-a4cb-76b59e4e7599-303178",
    "Content-Length": "29",
    "Content-Type": "application/x-www-form-urlencoded"
}
cookies  : {}
body     : username=test&password=123456

2021-08-17 17:25:03.369 | DEBUG    | httprunner.client:log_print:40 - 
================== response details ==================
status_code : 200
headers  : {
    "Date": "Tue, 17 Aug 2021 09:25:03 GMT",
    "Server": "WSGIServer/0.2 CPython/3.6.8",
    "Content-Type": "application/json",
    "Vary": "Accept, Cookie",
    "Allow": "POST, OPTIONS",
    "X-Frame-Options": "SAMEORIGIN",
    "Content-Length": "109"
}
cookies  : {}
encoding : utf-8
content_type : application/json
body     : {
    "code": 0,
    "msg": "login success!",
    "username": "test",
    "token": "0f78f3a094483c7db11de14304bbfb48096de9a8"
}

2021-08-17 17:25:03.370 | INFO     | httprunner.client:request:218 - status_code: 200, response_time(ms): 178.02 ms, response_length: 0 bytes
2021-08-17 17:25:03.370 | INFO     | httprunner.response:validate:246 - assert status_code equal 200(int)	==> pass
2021-08-17 17:25:03.370 | INFO     | httprunner.response:validate:246 - assert body.code equal 0(int)	==> pass
2021-08-17 17:25:03.370 | INFO     | httprunner.runner:__run_step:304 - run step end: step-v4 login <<<<<<

