2021-08-17 19:16:02.546 | INFO     | httprunner.runner:test_start:451 - Start to run testcase: ÓÃÀıµÄÃèÊö, TestCase ID: ff09257c-d645-4acc-a7f7-7cd4658e7a6e
2021-08-17 19:16:02.548 | INFO     | httprunner.runner:__run_step:292 - run step begin: step-login >>>>>>
2021-08-17 19:16:02.718 | DEBUG    | httprunner.client:request:186 - client IP: 192.168.1.125, Port: 24122
2021-08-17 19:16:02.719 | DEBUG    | httprunner.client:request:194 - server IP: 49.235.92.12, Port: 8201
2021-08-17 19:16:02.719 | DEBUG    | httprunner.client:log_print:40 - 
================== request details ==================
method   : POST
url      : http://49.235.92.12:8201/api/v4/login
headers  : {
    "User-Agent": "python-requests/2.26.0",
    "Accept-Encoding": "gzip, deflate",
    "Accept": "*/*",
    "Connection": "keep-alive",
    "HRUN-Request-ID": "HRUN-ff09257c-d645-4acc-a7f7-7cd4658e7a6e-962549",
    "Content-Length": "29",
    "Content-Type": "application/x-www-form-urlencoded"
}
cookies  : {}
body     : username=test&password=123456

2021-08-17 19:16:02.720 | DEBUG    | httprunner.client:log_print:40 - 
================== response details ==================
status_code : 200
headers  : {
    "Date": "Tue, 17 Aug 2021 11:16:02 GMT",
    "Server": "WSGIServer/0.2 CPython/3.6.8",
    "Content-Type": "application/json",
    "Vary": "Accept, Cookie",
    "Allow": "POST, OPTIONS",
    "X-Frame-Options": "SAMEORIGIN",
    "Content-Length": "109"
}
cookies  : {}
encoding : utf-8
content_type : application/json
body     : {
    "code": 0,
    "msg": "login success!",
    "username": "test",
    "token": "2ef28b323c7eed966d1e77713fcfd9d852f25225"
}

2021-08-17 19:16:02.721 | INFO     | httprunner.client:request:218 - status_code: 200, response_time(ms): 169.4 ms, response_length: 0 bytes
2021-08-17 19:16:02.721 | INFO     | httprunner.response:extract:176 - extract mapping: {'token': '2ef28b323c7eed966d1e77713fcfd9d852f25225'}
2021-08-17 19:16:02.721 | INFO     | httprunner.response:validate:246 - assert status_code equal 200(int)	==> pass
2021-08-17 19:16:02.721 | INFO     | httprunner.response:validate:246 - assert body.code equal 0(int)	==> pass
2021-08-17 19:16:02.721 | INFO     | httprunner.response:validate:246 - assert body.msg equal login success!(str)	==> pass
2021-08-17 19:16:02.722 | INFO     | httprunner.runner:__run_step:304 - run step end: step-login <<<<<<

