2021-07-20 22:57:33.536 | INFO     | httprunner.runner:test_start:451 - Start to run testcase: ÓÃÀıÃèÊö-µÇÂ¼ÓÃÀı, TestCase ID: ff8e7ebe-54f9-4e24-afd7-8eba678d207a
2021-07-20 22:57:33.540 | INFO     | httprunner.runner:__run_step:292 - run step begin: step-µÇÂ¼ >>>>>>
2021-07-20 22:57:33.549 | INFO     | httprunner.runner:__call_hooks:112 - call hook actions: setup request
2021-07-20 22:57:33.552 | DEBUG    | httprunner.runner:__call_hooks:121 - call hook function: ${setup_hook()}
2021-07-20 22:57:33.554 | DEBUG    | httprunner.runner:__call_hooks:121 - call hook function: ${request_sign($request)}
2021-07-20 22:57:33.714 | DEBUG    | httprunner.client:request:186 - client IP: 192.168.1.125, Port: 16341
2021-07-20 22:57:33.718 | DEBUG    | httprunner.client:request:194 - server IP: 49.235.92.12, Port: 8201
2021-07-20 22:57:33.720 | DEBUG    | httprunner.client:log_print:40 - 
================== request details ==================
method   : POST
url      : http://49.235.92.12:8201/api/v1/login
headers  : {
    "User-Agent": "python-requests/2.25.1",
    "Accept-Encoding": "gzip, deflate",
    "Accept": "*/*",
    "Connection": "keep-alive",
    "HRUN-Request-ID": "HRUN-ff8e7ebe-54f9-4e24-afd7-8eba678d207a-053549",
    "Content-Length": "77",
    "Content-Type": "application/json"
}
cookies  : {}
body     : {
    "username": "test1",
    "password": "123456",
    "sign": "sign xxxxxxxxxxxxxxxxx"
}

2021-07-20 22:57:33.721 | DEBUG    | httprunner.client:log_print:40 - 
================== response details ==================
status_code : 200
headers  : {
    "Date": "Wed, 21 Jul 2021 02:57:49 GMT",
    "Server": "WSGIServer/0.2 CPython/3.6.8",
    "Content-Type": "application/json",
    "Vary": "Accept, Cookie",
    "Allow": "POST, OPTIONS",
    "X-Frame-Options": "SAMEORIGIN",
    "Content-Length": "110"
}
cookies  : {}
encoding : utf-8
content_type : application/json
body     : {
    "code": 0,
    "msg": "login success!",
    "username": "test1",
    "token": "6aae38b2bb418c0ea8e5a9249a562bea9bd6beb6"
}

2021-07-20 22:57:33.727 | INFO     | httprunner.client:request:218 - status_code: 200, response_time(ms): 148.6 ms, response_length: 0 bytes
2021-07-20 22:57:33.730 | INFO     | httprunner.runner:__call_hooks:112 - call hook actions: teardown request
2021-07-20 22:57:33.732 | DEBUG    | httprunner.runner:__call_hooks:121 - call hook function: ${teardown_hook()}
2021-07-20 22:57:33.736 | INFO     | httprunner.response:extract:176 - extract mapping: {'token': '6aae38b2bb418c0ea8e5a9249a562bea9bd6beb6'}
2021-07-20 22:57:33.739 | INFO     | httprunner.response:validate:246 - assert status_code equal 200(int)	==> pass
2021-07-20 22:57:33.746 | INFO     | httprunner.response:validate:246 - assert body.msg equal login success!(str)	==> pass
2021-07-20 22:57:33.753 | INFO     | httprunner.response:validate:246 - assert body.code equal 0(int)	==> pass
2021-07-20 22:57:33.755 | INFO     | httprunner.response:validate:246 - assert body.username equal test1(str)	==> pass
2021-07-20 22:57:33.758 | INFO     | httprunner.response:validate:246 - assert body.token length_equal 40(int)	==> pass
2021-07-20 22:57:33.765 | INFO     | httprunner.runner:__run_step:304 - run step end: step-µÇÂ¼ <<<<<<

